\BOOKMARK [0][-]{chapter.1}{\376\377\0001\000\040\000N\000a\000m\000e\000s\000p\000a\000c\000e\000\040\000I\000n\000d\000e\000x}{}% 1
\BOOKMARK [1][-]{section.1.1}{\376\377\0001\000.\0001\000\040\000P\000a\000c\000k\000a\000g\000e\000s}{chapter.1}% 2
\BOOKMARK [0][-]{chapter.2}{\376\377\0002\000\040\000H\000i\000e\000r\000a\000r\000c\000h\000i\000c\000a\000l\000\040\000I\000n\000d\000e\000x}{}% 3
\BOOKMARK [1][-]{section.2.1}{\376\377\0002\000.\0001\000\040\000C\000l\000a\000s\000s\000\040\000H\000i\000e\000r\000a\000r\000c\000h\000y}{chapter.2}% 4
\BOOKMARK [0][-]{chapter.3}{\376\377\0003\000\040\000C\000l\000a\000s\000s\000\040\000I\000n\000d\000e\000x}{}% 5
\BOOKMARK [1][-]{section.3.1}{\376\377\0003\000.\0001\000\040\000C\000l\000a\000s\000s\000\040\000L\000i\000s\000t}{chapter.3}% 6
\BOOKMARK [0][-]{chapter.4}{\376\377\0004\000\040\000F\000i\000l\000e\000\040\000I\000n\000d\000e\000x}{}% 7
\BOOKMARK [1][-]{section.4.1}{\376\377\0004\000.\0001\000\040\000F\000i\000l\000e\000\040\000L\000i\000s\000t}{chapter.4}% 8
\BOOKMARK [0][-]{chapter.5}{\376\377\0005\000\040\000N\000a\000m\000e\000s\000p\000a\000c\000e\000\040\000D\000o\000c\000u\000m\000e\000n\000t\000a\000t\000i\000o\000n}{}% 9
\BOOKMARK [1][-]{section.5.1}{\376\377\0005\000.\0001\000\040\000B\000O\000\040\000N\000a\000m\000e\000s\000p\000a\000c\000e\000\040\000R\000e\000f\000e\000r\000e\000n\000c\000e}{chapter.5}% 10
\BOOKMARK [1][-]{section.5.2}{\376\377\0005\000.\0002\000\040\000D\000a\000d\000o\000s\000\040\000N\000a\000m\000e\000s\000p\000a\000c\000e\000\040\000R\000e\000f\000e\000r\000e\000n\000c\000e}{chapter.5}% 11
\BOOKMARK [1][-]{section.5.3}{\376\377\0005\000.\0003\000\040\000E\000x\000c\000e\000p\000t\000i\000o\000n\000s\000\040\000N\000a\000m\000e\000s\000p\000a\000c\000e\000\040\000R\000e\000f\000e\000r\000e\000n\000c\000e}{chapter.5}% 12
\BOOKMARK [1][-]{section.5.4}{\376\377\0005\000.\0004\000\040\000G\000e\000s\000t\000a\000o\000A\000l\000o\000j\000a\000m\000e\000n\000t\000o\000T\000u\000r\000i\000s\000t\000i\000c\000o\000\040\000N\000a\000m\000e\000s\000p\000a\000c\000e\000\040\000R\000e\000f\000e\000r\000e\000n\000c\000e}{chapter.5}% 13
\BOOKMARK [1][-]{section.5.5}{\376\377\0005\000.\0005\000\040\000R\000e\000g\000r\000a\000s\000\040\000N\000a\000m\000e\000s\000p\000a\000c\000e\000\040\000R\000e\000f\000e\000r\000e\000n\000c\000e}{chapter.5}% 14
\BOOKMARK [1][-]{section.5.6}{\376\377\0005\000.\0006\000\040\000T\000e\000s\000t\000e\000s\000\040\000N\000a\000m\000e\000s\000p\000a\000c\000e\000\040\000R\000e\000f\000e\000r\000e\000n\000c\000e}{chapter.5}% 15
\BOOKMARK [0][-]{chapter.6}{\376\377\0006\000\040\000C\000l\000a\000s\000s\000\040\000D\000o\000c\000u\000m\000e\000n\000t\000a\000t\000i\000o\000n}{}% 16
\BOOKMARK [1][-]{section.6.1}{\376\377\0006\000.\0001\000\040\000B\000O\000.\000A\000l\000o\000j\000a\000m\000e\000n\000t\000o\000\040\000C\000l\000a\000s\000s\000\040\000R\000e\000f\000e\000r\000e\000n\000c\000e}{chapter.6}% 17
\BOOKMARK [2][-]{subsection.6.1.1}{\376\377\0006\000.\0001\000.\0001\000\040\000D\000e\000t\000a\000i\000l\000e\000d\000\040\000D\000e\000s\000c\000r\000i\000p\000t\000i\000o\000n}{section.6.1}% 18
\BOOKMARK [2][-]{subsection.6.1.2}{\376\377\0006\000.\0001\000.\0002\000\040\000C\000o\000n\000s\000t\000r\000u\000c\000t\000o\000r\000\040\000\046\000\040\000D\000e\000s\000t\000r\000u\000c\000t\000o\000r\000\040\000D\000o\000c\000u\000m\000e\000n\000t\000a\000t\000i\000o\000n}{section.6.1}% 19
\BOOKMARK [3][-]{subsubsection.6.1.2.1}{\376\377\0006\000.\0001\000.\0002\000.\0001\000\040\000A\000l\000o\000j\000a\000m\000e\000n\000t\000o\000\050\000\051\000\040\000[\0001\000/\0002\000]}{subsection.6.1.2}% 20
\BOOKMARK [3][-]{subsubsection.6.1.2.2}{\376\377\0006\000.\0001\000.\0002\000.\0002\000\040\000A\000l\000o\000j\000a\000m\000e\000n\000t\000o\000\050\000\051\000\040\000[\0002\000/\0002\000]}{subsection.6.1.2}% 21
\BOOKMARK [2][-]{subsection.6.1.3}{\376\377\0006\000.\0001\000.\0003\000\040\000M\000e\000m\000b\000e\000r\000\040\000F\000u\000n\000c\000t\000i\000o\000n\000\040\000D\000o\000c\000u\000m\000e\000n\000t\000a\000t\000i\000o\000n}{section.6.1}% 22
\BOOKMARK [3][-]{subsubsection.6.1.3.1}{\376\377\0006\000.\0001\000.\0003\000.\0001\000\040\000A\000l\000t\000e\000r\000a\000r\000D\000i\000s\000p\000o\000n\000i\000b\000i\000l\000i\000d\000a\000d\000e\000\050\000\051}{subsection.6.1.3}% 23
\BOOKMARK [3][-]{subsubsection.6.1.3.2}{\376\377\0006\000.\0001\000.\0003\000.\0002\000\040\000C\000a\000l\000c\000u\000l\000a\000r\000P\000r\000e\000c\000o\000T\000o\000t\000a\000l\000\050\000\051}{subsection.6.1.3}% 24
\BOOKMARK [3][-]{subsubsection.6.1.3.3}{\376\377\0006\000.\0001\000.\0003\000.\0003\000\040\000C\000o\000m\000p\000a\000r\000e\000T\000o\000\050\000\051}{subsection.6.1.3}% 25
\BOOKMARK [3][-]{subsubsection.6.1.3.4}{\376\377\0006\000.\0001\000.\0003\000.\0004\000\040\000E\000q\000u\000a\000l\000s\000\050\000\051}{subsection.6.1.3}% 26
\BOOKMARK [3][-]{subsubsection.6.1.3.5}{\376\377\0006\000.\0001\000.\0003\000.\0005\000\040\000G\000e\000t\000H\000a\000s\000h\000C\000o\000d\000e\000\050\000\051}{subsection.6.1.3}% 27
\BOOKMARK [3][-]{subsubsection.6.1.3.6}{\376\377\0006\000.\0001\000.\0003\000.\0006\000\040\000T\000o\000S\000t\000r\000i\000n\000g\000\050\000\051}{subsection.6.1.3}% 28
\BOOKMARK [2][-]{subsection.6.1.4}{\376\377\0006\000.\0001\000.\0004\000\040\000P\000r\000o\000p\000e\000r\000t\000y\000\040\000D\000o\000c\000u\000m\000e\000n\000t\000a\000t\000i\000o\000n}{section.6.1}% 29
\BOOKMARK [3][-]{subsubsection.6.1.4.1}{\376\377\0006\000.\0001\000.\0004\000.\0001\000\040\000D\000a\000t\000a\000C\000r\000i\000a\000c\000a\000o}{subsection.6.1.4}% 30
\BOOKMARK [3][-]{subsubsection.6.1.4.2}{\376\377\0006\000.\0001\000.\0004\000.\0002\000\040\000D\000a\000t\000a\000U\000l\000t\000i\000m\000a\000A\000t\000u\000a\000l\000i\000z\000a\000c\000a\000o}{subsection.6.1.4}% 31
\BOOKMARK [3][-]{subsubsection.6.1.4.3}{\376\377\0006\000.\0001\000.\0004\000.\0003\000\040\000D\000i\000s\000p\000o\000n\000i\000v\000e\000l}{subsection.6.1.4}% 32
\BOOKMARK [3][-]{subsubsection.6.1.4.4}{\376\377\0006\000.\0001\000.\0004\000.\0004\000\040\000I\000d}{subsection.6.1.4}% 33
\BOOKMARK [3][-]{subsubsection.6.1.4.5}{\376\377\0006\000.\0001\000.\0004\000.\0005\000\040\000L\000o\000c\000a\000l\000i\000z\000a\000c\000a\000o}{subsection.6.1.4}% 34
\BOOKMARK [3][-]{subsubsection.6.1.4.6}{\376\377\0006\000.\0001\000.\0004\000.\0006\000\040\000N\000o\000m\000e}{subsection.6.1.4}% 35
\BOOKMARK [3][-]{subsubsection.6.1.4.7}{\376\377\0006\000.\0001\000.\0004\000.\0007\000\040\000N\000u\000m\000Q\000u\000a\000r\000t\000o\000s}{subsection.6.1.4}% 36
\BOOKMARK [3][-]{subsubsection.6.1.4.8}{\376\377\0006\000.\0001\000.\0004\000.\0008\000\040\000P\000r\000e\000c\000o\000P\000o\000r\000N\000o\000i\000t\000e}{subsection.6.1.4}% 37
\BOOKMARK [1][-]{section.6.2}{\376\377\0006\000.\0002\000\040\000E\000x\000c\000e\000p\000t\000i\000o\000n\000s\000.\000A\000l\000o\000j\000a\000m\000e\000n\000t\000o\000D\000u\000p\000l\000i\000c\000a\000d\000o\000E\000x\000c\000e\000p\000t\000i\000o\000n\000\040\000C\000l\000a\000s\000s\000\040\000R\000e\000f\000e\000r\000e\000n\000c\000e}{chapter.6}% 38
\BOOKMARK [2][-]{subsection.6.2.1}{\376\377\0006\000.\0002\000.\0001\000\040\000D\000e\000t\000a\000i\000l\000e\000d\000\040\000D\000e\000s\000c\000r\000i\000p\000t\000i\000o\000n}{section.6.2}% 39
\BOOKMARK [2][-]{subsection.6.2.2}{\376\377\0006\000.\0002\000.\0002\000\040\000C\000o\000n\000s\000t\000r\000u\000c\000t\000o\000r\000\040\000\046\000\040\000D\000e\000s\000t\000r\000u\000c\000t\000o\000r\000\040\000D\000o\000c\000u\000m\000e\000n\000t\000a\000t\000i\000o\000n}{section.6.2}% 40
\BOOKMARK [3][-]{subsubsection.6.2.2.1}{\376\377\0006\000.\0002\000.\0002\000.\0001\000\040\000A\000l\000o\000j\000a\000m\000e\000n\000t\000o\000D\000u\000p\000l\000i\000c\000a\000d\000o\000E\000x\000c\000e\000p\000t\000i\000o\000n\000\050\000\051\000\040\000[\0001\000/\0002\000]}{subsection.6.2.2}% 41
\BOOKMARK [3][-]{subsubsection.6.2.2.2}{\376\377\0006\000.\0002\000.\0002\000.\0002\000\040\000A\000l\000o\000j\000a\000m\000e\000n\000t\000o\000D\000u\000p\000l\000i\000c\000a\000d\000o\000E\000x\000c\000e\000p\000t\000i\000o\000n\000\050\000\051\000\040\000[\0002\000/\0002\000]}{subsection.6.2.2}% 42
\BOOKMARK [1][-]{section.6.3}{\376\377\0006\000.\0003\000\040\000E\000x\000c\000e\000p\000t\000i\000o\000n\000s\000.\000A\000l\000o\000j\000a\000m\000e\000n\000t\000o\000I\000n\000d\000e\000s\000p\000o\000n\000i\000v\000e\000l\000E\000x\000c\000e\000p\000t\000i\000o\000n\000\040\000C\000l\000a\000s\000s\000\040\000R\000e\000f\000e\000r\000e\000n\000c\000e}{chapter.6}% 43
\BOOKMARK [2][-]{subsection.6.3.1}{\376\377\0006\000.\0003\000.\0001\000\040\000D\000e\000t\000a\000i\000l\000e\000d\000\040\000D\000e\000s\000c\000r\000i\000p\000t\000i\000o\000n}{section.6.3}% 44
\BOOKMARK [2][-]{subsection.6.3.2}{\376\377\0006\000.\0003\000.\0002\000\040\000C\000o\000n\000s\000t\000r\000u\000c\000t\000o\000r\000\040\000\046\000\040\000D\000e\000s\000t\000r\000u\000c\000t\000o\000r\000\040\000D\000o\000c\000u\000m\000e\000n\000t\000a\000t\000i\000o\000n}{section.6.3}% 45
\BOOKMARK [3][-]{subsubsection.6.3.2.1}{\376\377\0006\000.\0003\000.\0002\000.\0001\000\040\000A\000l\000o\000j\000a\000m\000e\000n\000t\000o\000I\000n\000d\000e\000s\000p\000o\000n\000i\000v\000e\000l\000E\000x\000c\000e\000p\000t\000i\000o\000n\000\050\000\051\000\040\000[\0001\000/\0002\000]}{subsection.6.3.2}% 46
\BOOKMARK [3][-]{subsubsection.6.3.2.2}{\376\377\0006\000.\0003\000.\0002\000.\0002\000\040\000A\000l\000o\000j\000a\000m\000e\000n\000t\000o\000I\000n\000d\000e\000s\000p\000o\000n\000i\000v\000e\000l\000E\000x\000c\000e\000p\000t\000i\000o\000n\000\050\000\051\000\040\000[\0002\000/\0002\000]}{subsection.6.3.2}% 47
\BOOKMARK [1][-]{section.6.4}{\376\377\0006\000.\0004\000\040\000E\000x\000c\000e\000p\000t\000i\000o\000n\000s\000.\000A\000l\000o\000j\000a\000m\000e\000n\000t\000o\000I\000n\000v\000a\000l\000i\000d\000o\000E\000x\000c\000e\000p\000t\000i\000o\000n\000\040\000C\000l\000a\000s\000s\000\040\000R\000e\000f\000e\000r\000e\000n\000c\000e}{chapter.6}% 48
\BOOKMARK [2][-]{subsection.6.4.1}{\376\377\0006\000.\0004\000.\0001\000\040\000D\000e\000t\000a\000i\000l\000e\000d\000\040\000D\000e\000s\000c\000r\000i\000p\000t\000i\000o\000n}{section.6.4}% 49
\BOOKMARK [2][-]{subsection.6.4.2}{\376\377\0006\000.\0004\000.\0002\000\040\000C\000o\000n\000s\000t\000r\000u\000c\000t\000o\000r\000\040\000\046\000\040\000D\000e\000s\000t\000r\000u\000c\000t\000o\000r\000\040\000D\000o\000c\000u\000m\000e\000n\000t\000a\000t\000i\000o\000n}{section.6.4}% 50
\BOOKMARK [3][-]{subsubsection.6.4.2.1}{\376\377\0006\000.\0004\000.\0002\000.\0001\000\040\000A\000l\000o\000j\000a\000m\000e\000n\000t\000o\000I\000n\000v\000a\000l\000i\000d\000o\000E\000x\000c\000e\000p\000t\000i\000o\000n\000\050\000\051\000\040\000[\0001\000/\0002\000]}{subsection.6.4.2}% 51
\BOOKMARK [3][-]{subsubsection.6.4.2.2}{\376\377\0006\000.\0004\000.\0002\000.\0002\000\040\000A\000l\000o\000j\000a\000m\000e\000n\000t\000o\000I\000n\000v\000a\000l\000i\000d\000o\000E\000x\000c\000e\000p\000t\000i\000o\000n\000\050\000\051\000\040\000[\0002\000/\0002\000]}{subsection.6.4.2}% 52
\BOOKMARK [1][-]{section.6.5}{\376\377\0006\000.\0005\000\040\000D\000a\000d\000o\000s\000.\000A\000l\000o\000j\000a\000m\000e\000n\000t\000o\000s\000\040\000C\000l\000a\000s\000s\000\040\000R\000e\000f\000e\000r\000e\000n\000c\000e}{chapter.6}% 53
\BOOKMARK [2][-]{subsection.6.5.1}{\376\377\0006\000.\0005\000.\0001\000\040\000D\000e\000t\000a\000i\000l\000e\000d\000\040\000D\000e\000s\000c\000r\000i\000p\000t\000i\000o\000n}{section.6.5}% 54
\BOOKMARK [2][-]{subsection.6.5.2}{\376\377\0006\000.\0005\000.\0002\000\040\000M\000e\000m\000b\000e\000r\000\040\000F\000u\000n\000c\000t\000i\000o\000n\000\040\000D\000o\000c\000u\000m\000e\000n\000t\000a\000t\000i\000o\000n}{section.6.5}% 55
\BOOKMARK [3][-]{subsubsection.6.5.2.1}{\376\377\0006\000.\0005\000.\0002\000.\0001\000\040\000I\000n\000s\000e\000r\000i\000r\000A\000l\000o\000j\000a\000m\000e\000n\000t\000o\000\050\000\051}{subsection.6.5.2}% 56
\BOOKMARK [3][-]{subsubsection.6.5.2.2}{\376\377\0006\000.\0005\000.\0002\000.\0002\000\040\000L\000i\000m\000p\000a\000r\000T\000o\000d\000o\000s\000A\000l\000o\000j\000a\000m\000e\000n\000t\000o\000s\000\050\000\051}{subsection.6.5.2}% 57
\BOOKMARK [3][-]{subsubsection.6.5.2.3}{\376\377\0006\000.\0005\000.\0002\000.\0003\000\040\000L\000i\000s\000t\000a\000r\000A\000l\000o\000j\000a\000m\000e\000n\000t\000o\000s\000\050\000\051}{subsection.6.5.2}% 58
\BOOKMARK [3][-]{subsubsection.6.5.2.4}{\376\377\0006\000.\0005\000.\0002\000.\0004\000\040\000P\000r\000o\000c\000u\000r\000a\000r\000A\000l\000o\000j\000a\000m\000e\000n\000t\000o\000P\000o\000r\000N\000o\000m\000e\000\050\000\051}{subsection.6.5.2}% 59
\BOOKMARK [3][-]{subsubsection.6.5.2.5}{\376\377\0006\000.\0005\000.\0002\000.\0005\000\040\000R\000e\000m\000o\000v\000e\000r\000A\000l\000o\000j\000a\000m\000e\000n\000t\000o\000\050\000\051}{subsection.6.5.2}% 60
\BOOKMARK [1][-]{section.6.6}{\376\377\0006\000.\0006\000\040\000B\000O\000.\000A\000p\000a\000r\000t\000a\000m\000e\000n\000t\000o\000\040\000C\000l\000a\000s\000s\000\040\000R\000e\000f\000e\000r\000e\000n\000c\000e}{chapter.6}% 61
\BOOKMARK [2][-]{subsection.6.6.1}{\376\377\0006\000.\0006\000.\0001\000\040\000D\000e\000t\000a\000i\000l\000e\000d\000\040\000D\000e\000s\000c\000r\000i\000p\000t\000i\000o\000n}{section.6.6}% 62
\BOOKMARK [2][-]{subsection.6.6.2}{\376\377\0006\000.\0006\000.\0002\000\040\000C\000o\000n\000s\000t\000r\000u\000c\000t\000o\000r\000\040\000\046\000\040\000D\000e\000s\000t\000r\000u\000c\000t\000o\000r\000\040\000D\000o\000c\000u\000m\000e\000n\000t\000a\000t\000i\000o\000n}{section.6.6}% 63
\BOOKMARK [3][-]{subsubsection.6.6.2.1}{\376\377\0006\000.\0006\000.\0002\000.\0001\000\040\000A\000p\000a\000r\000t\000a\000m\000e\000n\000t\000o\000\050\000\051\000\040\000[\0001\000/\0002\000]}{subsection.6.6.2}% 64
\BOOKMARK [3][-]{subsubsection.6.6.2.2}{\376\377\0006\000.\0006\000.\0002\000.\0002\000\040\000A\000p\000a\000r\000t\000a\000m\000e\000n\000t\000o\000\050\000\051\000\040\000[\0002\000/\0002\000]}{subsection.6.6.2}% 65
\BOOKMARK [2][-]{subsection.6.6.3}{\376\377\0006\000.\0006\000.\0003\000\040\000M\000e\000m\000b\000e\000r\000\040\000F\000u\000n\000c\000t\000i\000o\000n\000\040\000D\000o\000c\000u\000m\000e\000n\000t\000a\000t\000i\000o\000n}{section.6.6}% 66
\BOOKMARK [3][-]{subsubsection.6.6.3.1}{\376\377\0006\000.\0006\000.\0003\000.\0001\000\040\000T\000o\000S\000t\000r\000i\000n\000g\000\050\000\051}{subsection.6.6.3}% 67
\BOOKMARK [2][-]{subsection.6.6.4}{\376\377\0006\000.\0006\000.\0004\000\040\000P\000r\000o\000p\000e\000r\000t\000y\000\040\000D\000o\000c\000u\000m\000e\000n\000t\000a\000t\000i\000o\000n}{section.6.6}% 68
\BOOKMARK [3][-]{subsubsection.6.6.4.1}{\376\377\0006\000.\0006\000.\0004\000.\0001\000\040\000A\000n\000d\000a\000r}{subsection.6.6.4}% 69
\BOOKMARK [3][-]{subsubsection.6.6.4.2}{\376\377\0006\000.\0006\000.\0004\000.\0002\000\040\000N\000u\000m\000W\000C}{subsection.6.6.4}% 70
\BOOKMARK [3][-]{subsubsection.6.6.4.3}{\376\377\0006\000.\0006\000.\0004\000.\0003\000\040\000T\000e\000m\000A\000C}{subsection.6.6.4}% 71
\BOOKMARK [3][-]{subsubsection.6.6.4.4}{\376\377\0006\000.\0006\000.\0004\000.\0004\000\040\000T\000e\000m\000E\000l\000e\000v\000a\000d\000o\000r}{subsection.6.6.4}% 72
\BOOKMARK [3][-]{subsubsection.6.6.4.5}{\376\377\0006\000.\0006\000.\0004\000.\0005\000\040\000T\000e\000m\000V\000a\000r\000a\000n\000d\000a}{subsection.6.6.4}% 73
\BOOKMARK [1][-]{section.6.7}{\376\377\0006\000.\0007\000\040\000E\000x\000c\000e\000p\000t\000i\000o\000n\000s\000.\000C\000a\000r\000r\000e\000g\000a\000r\000D\000a\000d\000o\000s\000E\000x\000c\000e\000p\000t\000i\000o\000n\000\040\000C\000l\000a\000s\000s\000\040\000R\000e\000f\000e\000r\000e\000n\000c\000e}{chapter.6}% 74
\BOOKMARK [2][-]{subsection.6.7.1}{\376\377\0006\000.\0007\000.\0001\000\040\000D\000e\000t\000a\000i\000l\000e\000d\000\040\000D\000e\000s\000c\000r\000i\000p\000t\000i\000o\000n}{section.6.7}% 75
\BOOKMARK [2][-]{subsection.6.7.2}{\376\377\0006\000.\0007\000.\0002\000\040\000C\000o\000n\000s\000t\000r\000u\000c\000t\000o\000r\000\040\000\046\000\040\000D\000e\000s\000t\000r\000u\000c\000t\000o\000r\000\040\000D\000o\000c\000u\000m\000e\000n\000t\000a\000t\000i\000o\000n}{section.6.7}% 76
\BOOKMARK [3][-]{subsubsection.6.7.2.1}{\376\377\0006\000.\0007\000.\0002\000.\0001\000\040\000C\000a\000r\000r\000e\000g\000a\000r\000D\000a\000d\000o\000s\000E\000x\000c\000e\000p\000t\000i\000o\000n\000\050\000\051\000\040\000[\0001\000/\0002\000]}{subsection.6.7.2}% 77
\BOOKMARK [3][-]{subsubsection.6.7.2.2}{\376\377\0006\000.\0007\000.\0002\000.\0002\000\040\000C\000a\000r\000r\000e\000g\000a\000r\000D\000a\000d\000o\000s\000E\000x\000c\000e\000p\000t\000i\000o\000n\000\050\000\051\000\040\000[\0002\000/\0002\000]}{subsection.6.7.2}% 78
\BOOKMARK [1][-]{section.6.8}{\376\377\0006\000.\0008\000\040\000B\000O\000.\000C\000a\000s\000a\000\040\000C\000l\000a\000s\000s\000\040\000R\000e\000f\000e\000r\000e\000n\000c\000e}{chapter.6}% 79
\BOOKMARK [2][-]{subsection.6.8.1}{\376\377\0006\000.\0008\000.\0001\000\040\000D\000e\000t\000a\000i\000l\000e\000d\000\040\000D\000e\000s\000c\000r\000i\000p\000t\000i\000o\000n}{section.6.8}% 80
\BOOKMARK [2][-]{subsection.6.8.2}{\376\377\0006\000.\0008\000.\0002\000\040\000C\000o\000n\000s\000t\000r\000u\000c\000t\000o\000r\000\040\000\046\000\040\000D\000e\000s\000t\000r\000u\000c\000t\000o\000r\000\040\000D\000o\000c\000u\000m\000e\000n\000t\000a\000t\000i\000o\000n}{section.6.8}% 81
\BOOKMARK [3][-]{subsubsection.6.8.2.1}{\376\377\0006\000.\0008\000.\0002\000.\0001\000\040\000C\000a\000s\000a\000\050\000\051\000\040\000[\0001\000/\0002\000]}{subsection.6.8.2}% 82
\BOOKMARK [3][-]{subsubsection.6.8.2.2}{\376\377\0006\000.\0008\000.\0002\000.\0002\000\040\000C\000a\000s\000a\000\050\000\051\000\040\000[\0002\000/\0002\000]}{subsection.6.8.2}% 83
\BOOKMARK [2][-]{subsection.6.8.3}{\376\377\0006\000.\0008\000.\0003\000\040\000M\000e\000m\000b\000e\000r\000\040\000F\000u\000n\000c\000t\000i\000o\000n\000\040\000D\000o\000c\000u\000m\000e\000n\000t\000a\000t\000i\000o\000n}{section.6.8}% 84
\BOOKMARK [3][-]{subsubsection.6.8.3.1}{\376\377\0006\000.\0008\000.\0003\000.\0001\000\040\000T\000o\000S\000t\000r\000i\000n\000g\000\050\000\051}{subsection.6.8.3}% 85
\BOOKMARK [2][-]{subsection.6.8.4}{\376\377\0006\000.\0008\000.\0004\000\040\000P\000r\000o\000p\000e\000r\000t\000y\000\040\000D\000o\000c\000u\000m\000e\000n\000t\000a\000t\000i\000o\000n}{section.6.8}% 86
\BOOKMARK [3][-]{subsubsection.6.8.4.1}{\376\377\0006\000.\0008\000.\0004\000.\0001\000\040\000N\000u\000m\000P\000i\000s\000o\000s}{subsection.6.8.4}% 87
\BOOKMARK [3][-]{subsubsection.6.8.4.2}{\376\377\0006\000.\0008\000.\0004\000.\0002\000\040\000T\000e\000m\000G\000a\000r\000a\000g\000e\000m}{subsection.6.8.4}% 88
\BOOKMARK [3][-]{subsubsection.6.8.4.3}{\376\377\0006\000.\0008\000.\0004\000.\0003\000\040\000T\000e\000m\000J\000a\000r\000d\000i\000m}{subsection.6.8.4}% 89
\BOOKMARK [3][-]{subsubsection.6.8.4.4}{\376\377\0006\000.\0008\000.\0004\000.\0004\000\040\000T\000e\000m\000P\000i\000s\000c\000i\000n\000a}{subsection.6.8.4}% 90
\BOOKMARK [1][-]{section.6.9}{\376\377\0006\000.\0009\000\040\000B\000O\000.\000C\000l\000i\000e\000n\000t\000e\000\040\000C\000l\000a\000s\000s\000\040\000R\000e\000f\000e\000r\000e\000n\000c\000e}{chapter.6}% 91
\BOOKMARK [2][-]{subsection.6.9.1}{\376\377\0006\000.\0009\000.\0001\000\040\000D\000e\000t\000a\000i\000l\000e\000d\000\040\000D\000e\000s\000c\000r\000i\000p\000t\000i\000o\000n}{section.6.9}% 92
\BOOKMARK [2][-]{subsection.6.9.2}{\376\377\0006\000.\0009\000.\0002\000\040\000C\000o\000n\000s\000t\000r\000u\000c\000t\000o\000r\000\040\000\046\000\040\000D\000e\000s\000t\000r\000u\000c\000t\000o\000r\000\040\000D\000o\000c\000u\000m\000e\000n\000t\000a\000t\000i\000o\000n}{section.6.9}% 93
\BOOKMARK [3][-]{subsubsection.6.9.2.1}{\376\377\0006\000.\0009\000.\0002\000.\0001\000\040\000C\000l\000i\000e\000n\000t\000e\000\050\000\051\000\040\000[\0001\000/\0002\000]}{subsection.6.9.2}% 94
\BOOKMARK [3][-]{subsubsection.6.9.2.2}{\376\377\0006\000.\0009\000.\0002\000.\0002\000\040\000C\000l\000i\000e\000n\000t\000e\000\050\000\051\000\040\000[\0002\000/\0002\000]}{subsection.6.9.2}% 95
\BOOKMARK [2][-]{subsection.6.9.3}{\376\377\0006\000.\0009\000.\0003\000\040\000M\000e\000m\000b\000e\000r\000\040\000F\000u\000n\000c\000t\000i\000o\000n\000\040\000D\000o\000c\000u\000m\000e\000n\000t\000a\000t\000i\000o\000n}{section.6.9}% 96
\BOOKMARK [3][-]{subsubsection.6.9.3.1}{\376\377\0006\000.\0009\000.\0003\000.\0001\000\040\000C\000o\000m\000p\000a\000r\000e\000T\000o\000\050\000\051}{subsection.6.9.3}% 97
\BOOKMARK [3][-]{subsubsection.6.9.3.2}{\376\377\0006\000.\0009\000.\0003\000.\0002\000\040\000E\000q\000u\000a\000l\000s\000\050\000\051}{subsection.6.9.3}% 98
\BOOKMARK [3][-]{subsubsection.6.9.3.3}{\376\377\0006\000.\0009\000.\0003\000.\0003\000\040\000G\000e\000t\000H\000a\000s\000h\000C\000o\000d\000e\000\050\000\051}{subsection.6.9.3}% 99
\BOOKMARK [3][-]{subsubsection.6.9.3.4}{\376\377\0006\000.\0009\000.\0003\000.\0004\000\040\000O\000b\000t\000e\000r\000I\000n\000f\000o\000r\000m\000a\000c\000a\000o\000C\000o\000m\000p\000l\000e\000t\000a\000\050\000\051}{subsection.6.9.3}% 100
\BOOKMARK [3][-]{subsubsection.6.9.3.5}{\376\377\0006\000.\0009\000.\0003\000.\0005\000\040\000T\000o\000S\000t\000r\000i\000n\000g\000\050\000\051}{subsection.6.9.3}% 101
\BOOKMARK [2][-]{subsection.6.9.4}{\376\377\0006\000.\0009\000.\0004\000\040\000P\000r\000o\000p\000e\000r\000t\000y\000\040\000D\000o\000c\000u\000m\000e\000n\000t\000a\000t\000i\000o\000n}{section.6.9}% 102
\BOOKMARK [3][-]{subsubsection.6.9.4.1}{\376\377\0006\000.\0009\000.\0004\000.\0001\000\040\000D\000a\000t\000a\000C\000r\000i\000a\000c\000a\000o}{subsection.6.9.4}% 103
\BOOKMARK [3][-]{subsubsection.6.9.4.2}{\376\377\0006\000.\0009\000.\0004\000.\0002\000\040\000D\000a\000t\000a\000N\000a\000s\000c}{subsection.6.9.4}% 104
\BOOKMARK [3][-]{subsubsection.6.9.4.3}{\376\377\0006\000.\0009\000.\0004\000.\0003\000\040\000E\000m\000a\000i\000l}{subsection.6.9.4}% 105
\BOOKMARK [3][-]{subsubsection.6.9.4.4}{\376\377\0006\000.\0009\000.\0004\000.\0004\000\040\000I\000d\000a\000d\000e}{subsection.6.9.4}% 106
\BOOKMARK [3][-]{subsubsection.6.9.4.5}{\376\377\0006\000.\0009\000.\0004\000.\0005\000\040\000M\000o\000r\000a\000d\000a}{subsection.6.9.4}% 107
\BOOKMARK [3][-]{subsubsection.6.9.4.6}{\376\377\0006\000.\0009\000.\0004\000.\0006\000\040\000N\000i\000f}{subsection.6.9.4}% 108
\BOOKMARK [3][-]{subsubsection.6.9.4.7}{\376\377\0006\000.\0009\000.\0004\000.\0007\000\040\000N\000o\000m\000e}{subsection.6.9.4}% 109
\BOOKMARK [3][-]{subsubsection.6.9.4.8}{\376\377\0006\000.\0009\000.\0004\000.\0008\000\040\000T\000e\000l\000e\000m\000o\000v\000e\000l}{subsection.6.9.4}% 110
\BOOKMARK [1][-]{section.6.10}{\376\377\0006\000.\0001\0000\000\040\000E\000x\000c\000e\000p\000t\000i\000o\000n\000s\000.\000C\000l\000i\000e\000n\000t\000e\000D\000u\000p\000l\000i\000c\000a\000d\000o\000E\000x\000c\000e\000p\000t\000i\000o\000n\000\040\000C\000l\000a\000s\000s\000\040\000R\000e\000f\000e\000r\000e\000n\000c\000e}{chapter.6}% 111
\BOOKMARK [2][-]{subsection.6.10.1}{\376\377\0006\000.\0001\0000\000.\0001\000\040\000D\000e\000t\000a\000i\000l\000e\000d\000\040\000D\000e\000s\000c\000r\000i\000p\000t\000i\000o\000n}{section.6.10}% 112
\BOOKMARK [2][-]{subsection.6.10.2}{\376\377\0006\000.\0001\0000\000.\0002\000\040\000C\000o\000n\000s\000t\000r\000u\000c\000t\000o\000r\000\040\000\046\000\040\000D\000e\000s\000t\000r\000u\000c\000t\000o\000r\000\040\000D\000o\000c\000u\000m\000e\000n\000t\000a\000t\000i\000o\000n}{section.6.10}% 113
\BOOKMARK [3][-]{subsubsection.6.10.2.1}{\376\377\0006\000.\0001\0000\000.\0002\000.\0001\000\040\000C\000l\000i\000e\000n\000t\000e\000D\000u\000p\000l\000i\000c\000a\000d\000o\000E\000x\000c\000e\000p\000t\000i\000o\000n\000\050\000\051\000\040\000[\0001\000/\0002\000]}{subsection.6.10.2}% 114
\BOOKMARK [3][-]{subsubsection.6.10.2.2}{\376\377\0006\000.\0001\0000\000.\0002\000.\0002\000\040\000C\000l\000i\000e\000n\000t\000e\000D\000u\000p\000l\000i\000c\000a\000d\000o\000E\000x\000c\000e\000p\000t\000i\000o\000n\000\050\000\051\000\040\000[\0002\000/\0002\000]}{subsection.6.10.2}% 115
\BOOKMARK [1][-]{section.6.11}{\376\377\0006\000.\0001\0001\000\040\000E\000x\000c\000e\000p\000t\000i\000o\000n\000s\000.\000C\000l\000i\000e\000n\000t\000e\000I\000n\000v\000a\000l\000i\000d\000o\000E\000x\000c\000e\000p\000t\000i\000o\000n\000\040\000C\000l\000a\000s\000s\000\040\000R\000e\000f\000e\000r\000e\000n\000c\000e}{chapter.6}% 116
\BOOKMARK [2][-]{subsection.6.11.1}{\376\377\0006\000.\0001\0001\000.\0001\000\040\000D\000e\000t\000a\000i\000l\000e\000d\000\040\000D\000e\000s\000c\000r\000i\000p\000t\000i\000o\000n}{section.6.11}% 117
\BOOKMARK [2][-]{subsection.6.11.2}{\376\377\0006\000.\0001\0001\000.\0002\000\040\000C\000o\000n\000s\000t\000r\000u\000c\000t\000o\000r\000\040\000\046\000\040\000D\000e\000s\000t\000r\000u\000c\000t\000o\000r\000\040\000D\000o\000c\000u\000m\000e\000n\000t\000a\000t\000i\000o\000n}{section.6.11}% 118
\BOOKMARK [3][-]{subsubsection.6.11.2.1}{\376\377\0006\000.\0001\0001\000.\0002\000.\0001\000\040\000C\000l\000i\000e\000n\000t\000e\000I\000n\000v\000a\000l\000i\000d\000o\000E\000x\000c\000e\000p\000t\000i\000o\000n\000\050\000\051\000\040\000[\0001\000/\0002\000]}{subsection.6.11.2}% 119
\BOOKMARK [3][-]{subsubsection.6.11.2.2}{\376\377\0006\000.\0001\0001\000.\0002\000.\0002\000\040\000C\000l\000i\000e\000n\000t\000e\000I\000n\000v\000a\000l\000i\000d\000o\000E\000x\000c\000e\000p\000t\000i\000o\000n\000\050\000\051\000\040\000[\0002\000/\0002\000]}{subsection.6.11.2}% 120
\BOOKMARK [1][-]{section.6.12}{\376\377\0006\000.\0001\0002\000\040\000D\000a\000d\000o\000s\000.\000C\000l\000i\000e\000n\000t\000e\000s\000\040\000C\000l\000a\000s\000s\000\040\000R\000e\000f\000e\000r\000e\000n\000c\000e}{chapter.6}% 121
\BOOKMARK [2][-]{subsection.6.12.1}{\376\377\0006\000.\0001\0002\000.\0001\000\040\000D\000e\000t\000a\000i\000l\000e\000d\000\040\000D\000e\000s\000c\000r\000i\000p\000t\000i\000o\000n}{section.6.12}% 122
\BOOKMARK [2][-]{subsection.6.12.2}{\376\377\0006\000.\0001\0002\000.\0002\000\040\000M\000e\000m\000b\000e\000r\000\040\000F\000u\000n\000c\000t\000i\000o\000n\000\040\000D\000o\000c\000u\000m\000e\000n\000t\000a\000t\000i\000o\000n}{section.6.12}% 123
\BOOKMARK [3][-]{subsubsection.6.12.2.1}{\376\377\0006\000.\0001\0002\000.\0002\000.\0001\000\040\000I\000n\000s\000e\000r\000i\000r\000C\000l\000i\000e\000n\000t\000e\000\050\000\051}{subsection.6.12.2}% 124
\BOOKMARK [3][-]{subsubsection.6.12.2.2}{\376\377\0006\000.\0001\0002\000.\0002\000.\0002\000\040\000L\000i\000m\000p\000a\000r\000T\000o\000d\000o\000s\000C\000l\000i\000e\000n\000t\000e\000s\000\050\000\051}{subsection.6.12.2}% 125
\BOOKMARK [3][-]{subsubsection.6.12.2.3}{\376\377\0006\000.\0001\0002\000.\0002\000.\0003\000\040\000L\000i\000s\000t\000a\000r\000C\000l\000i\000e\000n\000t\000e\000s\000\050\000\051}{subsection.6.12.2}% 126
\BOOKMARK [3][-]{subsubsection.6.12.2.4}{\376\377\0006\000.\0001\0002\000.\0002\000.\0004\000\040\000P\000r\000o\000c\000u\000r\000a\000r\000C\000l\000i\000e\000n\000t\000e\000P\000o\000r\000N\000i\000f\000\050\000\051}{subsection.6.12.2}% 127
\BOOKMARK [3][-]{subsubsection.6.12.2.5}{\376\377\0006\000.\0001\0002\000.\0002\000.\0005\000\040\000R\000e\000m\000o\000v\000e\000r\000C\000l\000i\000e\000n\000t\000e\000\050\000\051}{subsection.6.12.2}% 128
\BOOKMARK [1][-]{section.6.13}{\376\377\0006\000.\0001\0003\000\040\000E\000x\000c\000e\000p\000t\000i\000o\000n\000s\000.\000D\000a\000t\000a\000s\000I\000n\000v\000a\000l\000i\000d\000a\000s\000E\000x\000c\000e\000p\000t\000i\000o\000n\000\040\000C\000l\000a\000s\000s\000\040\000R\000e\000f\000e\000r\000e\000n\000c\000e}{chapter.6}% 129
\BOOKMARK [2][-]{subsection.6.13.1}{\376\377\0006\000.\0001\0003\000.\0001\000\040\000D\000e\000t\000a\000i\000l\000e\000d\000\040\000D\000e\000s\000c\000r\000i\000p\000t\000i\000o\000n}{section.6.13}% 130
\BOOKMARK [2][-]{subsection.6.13.2}{\376\377\0006\000.\0001\0003\000.\0002\000\040\000C\000o\000n\000s\000t\000r\000u\000c\000t\000o\000r\000\040\000\046\000\040\000D\000e\000s\000t\000r\000u\000c\000t\000o\000r\000\040\000D\000o\000c\000u\000m\000e\000n\000t\000a\000t\000i\000o\000n}{section.6.13}% 131
\BOOKMARK [3][-]{subsubsection.6.13.2.1}{\376\377\0006\000.\0001\0003\000.\0002\000.\0001\000\040\000D\000a\000t\000a\000s\000I\000n\000v\000a\000l\000i\000d\000a\000s\000E\000x\000c\000e\000p\000t\000i\000o\000n\000\050\000\051\000\040\000[\0001\000/\0002\000]}{subsection.6.13.2}% 132
\BOOKMARK [3][-]{subsubsection.6.13.2.2}{\376\377\0006\000.\0001\0003\000.\0002\000.\0002\000\040\000D\000a\000t\000a\000s\000I\000n\000v\000a\000l\000i\000d\000a\000s\000E\000x\000c\000e\000p\000t\000i\000o\000n\000\050\000\051\000\040\000[\0002\000/\0002\000]}{subsection.6.13.2}% 133
\BOOKMARK [1][-]{section.6.14}{\376\377\0006\000.\0001\0004\000\040\000D\000a\000d\000o\000s\000.\000F\000i\000c\000h\000e\000i\000r\000o\000s\000\040\000C\000l\000a\000s\000s\000\040\000R\000e\000f\000e\000r\000e\000n\000c\000e}{chapter.6}% 134
\BOOKMARK [2][-]{subsection.6.14.1}{\376\377\0006\000.\0001\0004\000.\0001\000\040\000D\000e\000t\000a\000i\000l\000e\000d\000\040\000D\000e\000s\000c\000r\000i\000p\000t\000i\000o\000n}{section.6.14}% 135
\BOOKMARK [2][-]{subsection.6.14.2}{\376\377\0006\000.\0001\0004\000.\0002\000\040\000M\000e\000m\000b\000e\000r\000\040\000F\000u\000n\000c\000t\000i\000o\000n\000\040\000D\000o\000c\000u\000m\000e\000n\000t\000a\000t\000i\000o\000n}{section.6.14}% 136
\BOOKMARK [3][-]{subsubsection.6.14.2.1}{\376\377\0006\000.\0001\0004\000.\0002\000.\0001\000\040\000C\000a\000r\000r\000e\000g\000a\000r\000D\000a\000d\000o\000s\000\050\000\051}{subsection.6.14.2}% 137
\BOOKMARK [3][-]{subsubsection.6.14.2.2}{\376\377\0006\000.\0001\0004\000.\0002\000.\0002\000\040\000G\000u\000a\000r\000d\000a\000r\000D\000a\000d\000o\000s\000\050\000\051}{subsection.6.14.2}% 138
\BOOKMARK [1][-]{section.6.15}{\376\377\0006\000.\0001\0005\000\040\000E\000x\000c\000e\000p\000t\000i\000o\000n\000s\000.\000G\000u\000a\000r\000d\000a\000r\000D\000a\000d\000o\000s\000E\000x\000c\000e\000p\000t\000i\000o\000n\000\040\000C\000l\000a\000s\000s\000\040\000R\000e\000f\000e\000r\000e\000n\000c\000e}{chapter.6}% 139
\BOOKMARK [2][-]{subsection.6.15.1}{\376\377\0006\000.\0001\0005\000.\0001\000\040\000D\000e\000t\000a\000i\000l\000e\000d\000\040\000D\000e\000s\000c\000r\000i\000p\000t\000i\000o\000n}{section.6.15}% 140
\BOOKMARK [2][-]{subsection.6.15.2}{\376\377\0006\000.\0001\0005\000.\0002\000\040\000C\000o\000n\000s\000t\000r\000u\000c\000t\000o\000r\000\040\000\046\000\040\000D\000e\000s\000t\000r\000u\000c\000t\000o\000r\000\040\000D\000o\000c\000u\000m\000e\000n\000t\000a\000t\000i\000o\000n}{section.6.15}% 141
\BOOKMARK [3][-]{subsubsection.6.15.2.1}{\376\377\0006\000.\0001\0005\000.\0002\000.\0001\000\040\000G\000u\000a\000r\000d\000a\000r\000D\000a\000d\000o\000s\000E\000x\000c\000e\000p\000t\000i\000o\000n\000\050\000\051\000\040\000[\0001\000/\0002\000]}{subsection.6.15.2}% 142
\BOOKMARK [3][-]{subsubsection.6.15.2.2}{\376\377\0006\000.\0001\0005\000.\0002\000.\0002\000\040\000G\000u\000a\000r\000d\000a\000r\000D\000a\000d\000o\000s\000E\000x\000c\000e\000p\000t\000i\000o\000n\000\050\000\051\000\040\000[\0002\000/\0002\000]}{subsection.6.15.2}% 143
\BOOKMARK [1][-]{section.6.16}{\376\377\0006\000.\0001\0006\000\040\000B\000O\000.\000H\000o\000t\000e\000l\000\040\000C\000l\000a\000s\000s\000\040\000R\000e\000f\000e\000r\000e\000n\000c\000e}{chapter.6}% 144
\BOOKMARK [2][-]{subsection.6.16.1}{\376\377\0006\000.\0001\0006\000.\0001\000\040\000D\000e\000t\000a\000i\000l\000e\000d\000\040\000D\000e\000s\000c\000r\000i\000p\000t\000i\000o\000n}{section.6.16}% 145
\BOOKMARK [2][-]{subsection.6.16.2}{\376\377\0006\000.\0001\0006\000.\0002\000\040\000C\000o\000n\000s\000t\000r\000u\000c\000t\000o\000r\000\040\000\046\000\040\000D\000e\000s\000t\000r\000u\000c\000t\000o\000r\000\040\000D\000o\000c\000u\000m\000e\000n\000t\000a\000t\000i\000o\000n}{section.6.16}% 146
\BOOKMARK [3][-]{subsubsection.6.16.2.1}{\376\377\0006\000.\0001\0006\000.\0002\000.\0001\000\040\000H\000o\000t\000e\000l\000\050\000\051\000\040\000[\0001\000/\0002\000]}{subsection.6.16.2}% 147
\BOOKMARK [3][-]{subsubsection.6.16.2.2}{\376\377\0006\000.\0001\0006\000.\0002\000.\0002\000\040\000H\000o\000t\000e\000l\000\050\000\051\000\040\000[\0002\000/\0002\000]}{subsection.6.16.2}% 148
\BOOKMARK [2][-]{subsection.6.16.3}{\376\377\0006\000.\0001\0006\000.\0003\000\040\000M\000e\000m\000b\000e\000r\000\040\000F\000u\000n\000c\000t\000i\000o\000n\000\040\000D\000o\000c\000u\000m\000e\000n\000t\000a\000t\000i\000o\000n}{section.6.16}% 149
\BOOKMARK [3][-]{subsubsection.6.16.3.1}{\376\377\0006\000.\0001\0006\000.\0003\000.\0001\000\040\000T\000o\000S\000t\000r\000i\000n\000g\000\050\000\051}{subsection.6.16.3}% 150
\BOOKMARK [2][-]{subsection.6.16.4}{\376\377\0006\000.\0001\0006\000.\0004\000\040\000P\000r\000o\000p\000e\000r\000t\000y\000\040\000D\000o\000c\000u\000m\000e\000n\000t\000a\000t\000i\000o\000n}{section.6.16}% 151
\BOOKMARK [3][-]{subsubsection.6.16.4.1}{\376\377\0006\000.\0001\0006\000.\0004\000.\0001\000\040\000N\000u\000m\000E\000s\000t\000r\000e\000l\000a\000s}{subsection.6.16.4}% 152
\BOOKMARK [3][-]{subsubsection.6.16.4.2}{\376\377\0006\000.\0001\0006\000.\0004\000.\0002\000\040\000T\000e\000m\000E\000s\000t\000a\000c\000i\000o\000n\000a\000m\000e\000n\000t\000o}{subsection.6.16.4}% 153
\BOOKMARK [3][-]{subsubsection.6.16.4.3}{\376\377\0006\000.\0001\0006\000.\0004\000.\0003\000\040\000T\000e\000m\000G\000i\000n\000a\000s\000i\000o}{subsection.6.16.4}% 154
\BOOKMARK [3][-]{subsubsection.6.16.4.4}{\376\377\0006\000.\0001\0006\000.\0004\000.\0004\000\040\000T\000e\000m\000P\000i\000s\000c\000i\000n\000a}{subsection.6.16.4}% 155
\BOOKMARK [3][-]{subsubsection.6.16.4.5}{\376\377\0006\000.\0001\0006\000.\0004\000.\0005\000\040\000T\000e\000m\000R\000e\000s\000t\000a\000u\000r\000a\000n\000t\000e}{subsection.6.16.4}% 156
\BOOKMARK [3][-]{subsubsection.6.16.4.6}{\376\377\0006\000.\0001\0006\000.\0004\000.\0006\000\040\000T\000e\000m\000S\000p\000a}{subsection.6.16.4}% 157
\BOOKMARK [3][-]{subsubsection.6.16.4.7}{\376\377\0006\000.\0001\0006\000.\0004\000.\0007\000\040\000T\000e\000m\000W\000i\000f\000i}{subsection.6.16.4}% 158
\BOOKMARK [1][-]{section.6.17}{\376\377\0006\000.\0001\0007\000\040\000B\000O\000.\000I\000R\000e\000s\000e\000r\000v\000a\000v\000e\000l\000\040\000I\000n\000t\000e\000r\000f\000a\000c\000e\000\040\000R\000e\000f\000e\000r\000e\000n\000c\000e}{chapter.6}% 159
\BOOKMARK [2][-]{subsection.6.17.1}{\376\377\0006\000.\0001\0007\000.\0001\000\040\000D\000e\000t\000a\000i\000l\000e\000d\000\040\000D\000e\000s\000c\000r\000i\000p\000t\000i\000o\000n}{section.6.17}% 160
\BOOKMARK [2][-]{subsection.6.17.2}{\376\377\0006\000.\0001\0007\000.\0002\000\040\000M\000e\000m\000b\000e\000r\000\040\000F\000u\000n\000c\000t\000i\000o\000n\000\040\000D\000o\000c\000u\000m\000e\000n\000t\000a\000t\000i\000o\000n}{section.6.17}% 161
\BOOKMARK [3][-]{subsubsection.6.17.2.1}{\376\377\0006\000.\0001\0007\000.\0002\000.\0001\000\040\000A\000l\000t\000e\000r\000a\000r\000D\000i\000s\000p\000o\000n\000i\000b\000i\000l\000i\000d\000a\000d\000e\000\050\000\051}{subsection.6.17.2}% 162
\BOOKMARK [3][-]{subsubsection.6.17.2.2}{\376\377\0006\000.\0001\0007\000.\0002\000.\0002\000\040\000C\000a\000l\000c\000u\000l\000a\000r\000P\000r\000e\000c\000o\000T\000o\000t\000a\000l\000\050\000\051}{subsection.6.17.2}% 163
\BOOKMARK [1][-]{section.6.18}{\376\377\0006\000.\0001\0008\000\040\000B\000O\000.\000O\000r\000d\000e\000n\000a\000r\000A\000l\000o\000j\000a\000m\000e\000n\000t\000o\000s\000P\000o\000r\000L\000o\000c\000\040\000C\000l\000a\000s\000s\000\040\000R\000e\000f\000e\000r\000e\000n\000c\000e}{chapter.6}% 164
\BOOKMARK [2][-]{subsection.6.18.1}{\376\377\0006\000.\0001\0008\000.\0001\000\040\000D\000e\000t\000a\000i\000l\000e\000d\000\040\000D\000e\000s\000c\000r\000i\000p\000t\000i\000o\000n}{section.6.18}% 165
\BOOKMARK [2][-]{subsection.6.18.2}{\376\377\0006\000.\0001\0008\000.\0002\000\040\000M\000e\000m\000b\000e\000r\000\040\000F\000u\000n\000c\000t\000i\000o\000n\000\040\000D\000o\000c\000u\000m\000e\000n\000t\000a\000t\000i\000o\000n}{section.6.18}% 166
\BOOKMARK [3][-]{subsubsection.6.18.2.1}{\376\377\0006\000.\0001\0008\000.\0002\000.\0001\000\040\000C\000o\000m\000p\000a\000r\000e\000\050\000\051}{subsection.6.18.2}% 167
\BOOKMARK [1][-]{section.6.19}{\376\377\0006\000.\0001\0009\000\040\000B\000O\000.\000O\000r\000d\000e\000n\000a\000r\000A\000l\000o\000j\000a\000m\000e\000n\000t\000o\000s\000P\000o\000r\000P\000r\000e\000c\000o\000\040\000C\000l\000a\000s\000s\000\040\000R\000e\000f\000e\000r\000e\000n\000c\000e}{chapter.6}% 168
\BOOKMARK [2][-]{subsection.6.19.1}{\376\377\0006\000.\0001\0009\000.\0001\000\040\000D\000e\000t\000a\000i\000l\000e\000d\000\040\000D\000e\000s\000c\000r\000i\000p\000t\000i\000o\000n}{section.6.19}% 169
\BOOKMARK [2][-]{subsection.6.19.2}{\376\377\0006\000.\0001\0009\000.\0002\000\040\000M\000e\000m\000b\000e\000r\000\040\000F\000u\000n\000c\000t\000i\000o\000n\000\040\000D\000o\000c\000u\000m\000e\000n\000t\000a\000t\000i\000o\000n}{section.6.19}% 170
\BOOKMARK [3][-]{subsubsection.6.19.2.1}{\376\377\0006\000.\0001\0009\000.\0002\000.\0001\000\040\000C\000o\000m\000p\000a\000r\000e\000\050\000\051}{subsection.6.19.2}% 171
\BOOKMARK [1][-]{section.6.20}{\376\377\0006\000.\0002\0000\000\040\000B\000O\000.\000O\000r\000d\000e\000n\000a\000r\000R\000e\000s\000e\000r\000v\000a\000s\000P\000o\000r\000D\000a\000t\000a\000\040\000C\000l\000a\000s\000s\000\040\000R\000e\000f\000e\000r\000e\000n\000c\000e}{chapter.6}% 172
\BOOKMARK [2][-]{subsection.6.20.1}{\376\377\0006\000.\0002\0000\000.\0001\000\040\000D\000e\000t\000a\000i\000l\000e\000d\000\040\000D\000e\000s\000c\000r\000i\000p\000t\000i\000o\000n}{section.6.20}% 173
\BOOKMARK [2][-]{subsection.6.20.2}{\376\377\0006\000.\0002\0000\000.\0002\000\040\000M\000e\000m\000b\000e\000r\000\040\000F\000u\000n\000c\000t\000i\000o\000n\000\040\000D\000o\000c\000u\000m\000e\000n\000t\000a\000t\000i\000o\000n}{section.6.20}% 174
\BOOKMARK [3][-]{subsubsection.6.20.2.1}{\376\377\0006\000.\0002\0000\000.\0002\000.\0001\000\040\000C\000o\000m\000p\000a\000r\000e\000\050\000\051}{subsection.6.20.2}% 175
\BOOKMARK [1][-]{section.6.21}{\376\377\0006\000.\0002\0001\000\040\000G\000e\000s\000t\000a\000o\000A\000l\000o\000j\000a\000m\000e\000n\000t\000o\000T\000u\000r\000i\000s\000t\000i\000c\000o\000.\000P\000r\000o\000g\000r\000a\000m\000\040\000C\000l\000a\000s\000s\000\040\000R\000e\000f\000e\000r\000e\000n\000c\000e}{chapter.6}% 176
\BOOKMARK [1][-]{section.6.22}{\376\377\0006\000.\0002\0002\000\040\000B\000O\000.\000R\000e\000s\000e\000r\000v\000a\000\040\000C\000l\000a\000s\000s\000\040\000R\000e\000f\000e\000r\000e\000n\000c\000e}{chapter.6}% 177
\BOOKMARK [2][-]{subsection.6.22.1}{\376\377\0006\000.\0002\0002\000.\0001\000\040\000D\000e\000t\000a\000i\000l\000e\000d\000\040\000D\000e\000s\000c\000r\000i\000p\000t\000i\000o\000n}{section.6.22}% 178
\BOOKMARK [2][-]{subsection.6.22.2}{\376\377\0006\000.\0002\0002\000.\0002\000\040\000M\000e\000m\000b\000e\000r\000\040\000E\000n\000u\000m\000e\000r\000a\000t\000i\000o\000n\000\040\000D\000o\000c\000u\000m\000e\000n\000t\000a\000t\000i\000o\000n}{section.6.22}% 179
\BOOKMARK [3][-]{subsubsection.6.22.2.1}{\376\377\0006\000.\0002\0002\000.\0002\000.\0001\000\040\000E\000s\000t\000a\000d\000o\000R\000e\000s\000e\000r\000v\000a}{subsection.6.22.2}% 180
\BOOKMARK [2][-]{subsection.6.22.3}{\376\377\0006\000.\0002\0002\000.\0003\000\040\000C\000o\000n\000s\000t\000r\000u\000c\000t\000o\000r\000\040\000\046\000\040\000D\000e\000s\000t\000r\000u\000c\000t\000o\000r\000\040\000D\000o\000c\000u\000m\000e\000n\000t\000a\000t\000i\000o\000n}{section.6.22}% 181
\BOOKMARK [3][-]{subsubsection.6.22.3.1}{\376\377\0006\000.\0002\0002\000.\0003\000.\0001\000\040\000R\000e\000s\000e\000r\000v\000a\000\050\000\051}{subsection.6.22.3}% 182
\BOOKMARK [2][-]{subsection.6.22.4}{\376\377\0006\000.\0002\0002\000.\0004\000\040\000M\000e\000m\000b\000e\000r\000\040\000F\000u\000n\000c\000t\000i\000o\000n\000\040\000D\000o\000c\000u\000m\000e\000n\000t\000a\000t\000i\000o\000n}{section.6.22}% 183
\BOOKMARK [3][-]{subsubsection.6.22.4.1}{\376\377\0006\000.\0002\0002\000.\0004\000.\0001\000\040\000C\000a\000l\000c\000u\000l\000a\000r\000V\000a\000l\000o\000r\000T\000o\000t\000a\000l\000\050\000\051}{subsection.6.22.4}% 184
\BOOKMARK [3][-]{subsubsection.6.22.4.2}{\376\377\0006\000.\0002\0002\000.\0004\000.\0002\000\040\000C\000a\000n\000c\000e\000l\000a\000r\000R\000e\000s\000e\000r\000v\000a\000\050\000\051}{subsection.6.22.4}% 185
\BOOKMARK [3][-]{subsubsection.6.22.4.3}{\376\377\0006\000.\0002\0002\000.\0004\000.\0003\000\040\000C\000o\000n\000f\000i\000r\000m\000a\000r\000R\000e\000s\000e\000r\000v\000a\000\050\000\051}{subsection.6.22.4}% 186
\BOOKMARK [3][-]{subsubsection.6.22.4.4}{\376\377\0006\000.\0002\0002\000.\0004\000.\0004\000\040\000E\000q\000u\000a\000l\000s\000\050\000\051}{subsection.6.22.4}% 187
\BOOKMARK [3][-]{subsubsection.6.22.4.5}{\376\377\0006\000.\0002\0002\000.\0004\000.\0005\000\040\000F\000i\000n\000a\000l\000i\000z\000a\000r\000R\000e\000s\000e\000r\000v\000a\000\050\000\051}{subsection.6.22.4}% 188
\BOOKMARK [3][-]{subsubsection.6.22.4.6}{\376\377\0006\000.\0002\0002\000.\0004\000.\0006\000\040\000G\000e\000t\000H\000a\000s\000h\000C\000o\000d\000e\000\050\000\051}{subsection.6.22.4}% 189
\BOOKMARK [3][-]{subsubsection.6.22.4.7}{\376\377\0006\000.\0002\0002\000.\0004\000.\0007\000\040\000T\000o\000S\000t\000r\000i\000n\000g\000\050\000\051}{subsection.6.22.4}% 190
\BOOKMARK [2][-]{subsection.6.22.5}{\376\377\0006\000.\0002\0002\000.\0005\000\040\000P\000r\000o\000p\000e\000r\000t\000y\000\040\000D\000o\000c\000u\000m\000e\000n\000t\000a\000t\000i\000o\000n}{section.6.22}% 191
\BOOKMARK [3][-]{subsubsection.6.22.5.1}{\376\377\0006\000.\0002\0002\000.\0005\000.\0001\000\040\000A\000l\000o\000j\000a\000m\000e\000n\000t\000o}{subsection.6.22.5}% 192
\BOOKMARK [3][-]{subsubsection.6.22.5.2}{\376\377\0006\000.\0002\0002\000.\0005\000.\0002\000\040\000C\000l\000i\000e\000n\000t\000e}{subsection.6.22.5}% 193
\BOOKMARK [3][-]{subsubsection.6.22.5.3}{\376\377\0006\000.\0002\0002\000.\0005\000.\0003\000\040\000D\000a\000t\000a\000C\000h\000e\000c\000k\000I\000n}{subsection.6.22.5}% 194
\BOOKMARK [3][-]{subsubsection.6.22.5.4}{\376\377\0006\000.\0002\0002\000.\0005\000.\0004\000\040\000D\000a\000t\000a\000C\000h\000e\000c\000k\000O\000u\000t}{subsection.6.22.5}% 195
\BOOKMARK [3][-]{subsubsection.6.22.5.5}{\376\377\0006\000.\0002\0002\000.\0005\000.\0005\000\040\000E\000s\000t\000a\000d\000o}{subsection.6.22.5}% 196
\BOOKMARK [3][-]{subsubsection.6.22.5.6}{\376\377\0006\000.\0002\0002\000.\0005\000.\0006\000\040\000I\000d}{subsection.6.22.5}% 197
\BOOKMARK [3][-]{subsubsection.6.22.5.7}{\376\377\0006\000.\0002\0002\000.\0005\000.\0007\000\040\000N\000o\000i\000t\000e\000s}{subsection.6.22.5}% 198
\BOOKMARK [3][-]{subsubsection.6.22.5.8}{\376\377\0006\000.\0002\0002\000.\0005\000.\0008\000\040\000N\000u\000m\000Q\000u\000a\000r\000t\000o\000s}{subsection.6.22.5}% 199
\BOOKMARK [1][-]{section.6.23}{\376\377\0006\000.\0002\0003\000\040\000E\000x\000c\000e\000p\000t\000i\000o\000n\000s\000.\000R\000e\000s\000e\000r\000v\000a\000I\000n\000v\000a\000l\000i\000d\000a\000E\000x\000c\000e\000p\000t\000i\000o\000n\000\040\000C\000l\000a\000s\000s\000\040\000R\000e\000f\000e\000r\000e\000n\000c\000e}{chapter.6}% 200
\BOOKMARK [2][-]{subsection.6.23.1}{\376\377\0006\000.\0002\0003\000.\0001\000\040\000D\000e\000t\000a\000i\000l\000e\000d\000\040\000D\000e\000s\000c\000r\000i\000p\000t\000i\000o\000n}{section.6.23}% 201
\BOOKMARK [2][-]{subsection.6.23.2}{\376\377\0006\000.\0002\0003\000.\0002\000\040\000C\000o\000n\000s\000t\000r\000u\000c\000t\000o\000r\000\040\000\046\000\040\000D\000e\000s\000t\000r\000u\000c\000t\000o\000r\000\040\000D\000o\000c\000u\000m\000e\000n\000t\000a\000t\000i\000o\000n}{section.6.23}% 202
\BOOKMARK [3][-]{subsubsection.6.23.2.1}{\376\377\0006\000.\0002\0003\000.\0002\000.\0001\000\040\000R\000e\000s\000e\000r\000v\000a\000I\000n\000v\000a\000l\000i\000d\000a\000E\000x\000c\000e\000p\000t\000i\000o\000n\000\050\000\051\000\040\000[\0001\000/\0002\000]}{subsection.6.23.2}% 203
\BOOKMARK [3][-]{subsubsection.6.23.2.2}{\376\377\0006\000.\0002\0003\000.\0002\000.\0002\000\040\000R\000e\000s\000e\000r\000v\000a\000I\000n\000v\000a\000l\000i\000d\000a\000E\000x\000c\000e\000p\000t\000i\000o\000n\000\050\000\051\000\040\000[\0002\000/\0002\000]}{subsection.6.23.2}% 204
\BOOKMARK [1][-]{section.6.24}{\376\377\0006\000.\0002\0004\000\040\000D\000a\000d\000o\000s\000.\000R\000e\000s\000e\000r\000v\000a\000s\000\040\000C\000l\000a\000s\000s\000\040\000R\000e\000f\000e\000r\000e\000n\000c\000e}{chapter.6}% 205
\BOOKMARK [2][-]{subsection.6.24.1}{\376\377\0006\000.\0002\0004\000.\0001\000\040\000D\000e\000t\000a\000i\000l\000e\000d\000\040\000D\000e\000s\000c\000r\000i\000p\000t\000i\000o\000n}{section.6.24}% 206
\BOOKMARK [2][-]{subsection.6.24.2}{\376\377\0006\000.\0002\0004\000.\0002\000\040\000M\000e\000m\000b\000e\000r\000\040\000F\000u\000n\000c\000t\000i\000o\000n\000\040\000D\000o\000c\000u\000m\000e\000n\000t\000a\000t\000i\000o\000n}{section.6.24}% 207
\BOOKMARK [3][-]{subsubsection.6.24.2.1}{\376\377\0006\000.\0002\0004\000.\0002\000.\0001\000\040\000C\000a\000n\000c\000e\000l\000a\000r\000R\000e\000s\000e\000r\000v\000a\000\050\000\051}{subsection.6.24.2}% 208
\BOOKMARK [3][-]{subsubsection.6.24.2.2}{\376\377\0006\000.\0002\0004\000.\0002\000.\0002\000\040\000C\000r\000i\000a\000r\000R\000e\000s\000e\000r\000v\000a\000\050\000\051}{subsection.6.24.2}% 209
\BOOKMARK [3][-]{subsubsection.6.24.2.3}{\376\377\0006\000.\0002\0004\000.\0002\000.\0003\000\040\000L\000i\000m\000p\000a\000r\000T\000o\000d\000o\000s\000\050\000\051}{subsection.6.24.2}% 210
\BOOKMARK [3][-]{subsubsection.6.24.2.4}{\376\377\0006\000.\0002\0004\000.\0002\000.\0004\000\040\000L\000i\000s\000t\000a\000r\000R\000e\000s\000e\000r\000v\000a\000s\000\050\000\051}{subsection.6.24.2}% 211
\BOOKMARK [3][-]{subsubsection.6.24.2.5}{\376\377\0006\000.\0002\0004\000.\0002\000.\0005\000\040\000P\000r\000o\000c\000u\000r\000a\000r\000R\000e\000s\000e\000r\000v\000a\000s\000P\000o\000r\000A\000l\000o\000j\000a\000m\000e\000n\000t\000o\000\050\000\051}{subsection.6.24.2}% 212
\BOOKMARK [3][-]{subsubsection.6.24.2.6}{\376\377\0006\000.\0002\0004\000.\0002\000.\0006\000\040\000P\000r\000o\000c\000u\000r\000a\000r\000R\000e\000s\000e\000r\000v\000a\000s\000P\000o\000r\000C\000l\000i\000e\000n\000t\000e\000\050\000\051}{subsection.6.24.2}% 213
\BOOKMARK [1][-]{section.6.25}{\376\377\0006\000.\0002\0005\000\040\000R\000e\000g\000r\000a\000s\000.\000S\000e\000r\000v\000i\000c\000o\000A\000l\000o\000j\000a\000m\000e\000n\000t\000o\000s\000\040\000C\000l\000a\000s\000s\000\040\000R\000e\000f\000e\000r\000e\000n\000c\000e}{chapter.6}% 214
\BOOKMARK [2][-]{subsection.6.25.1}{\376\377\0006\000.\0002\0005\000.\0001\000\040\000D\000e\000t\000a\000i\000l\000e\000d\000\040\000D\000e\000s\000c\000r\000i\000p\000t\000i\000o\000n}{section.6.25}% 215
\BOOKMARK [2][-]{subsection.6.25.2}{\376\377\0006\000.\0002\0005\000.\0002\000\040\000M\000e\000m\000b\000e\000r\000\040\000F\000u\000n\000c\000t\000i\000o\000n\000\040\000D\000o\000c\000u\000m\000e\000n\000t\000a\000t\000i\000o\000n}{section.6.25}% 216
\BOOKMARK [3][-]{subsubsection.6.25.2.1}{\376\377\0006\000.\0002\0005\000.\0002\000.\0001\000\040\000I\000n\000s\000e\000r\000i\000r\000A\000l\000o\000j\000a\000m\000e\000n\000t\000o\000\050\000\051}{subsection.6.25.2}% 217
\BOOKMARK [3][-]{subsubsection.6.25.2.2}{\376\377\0006\000.\0002\0005\000.\0002\000.\0002\000\040\000L\000i\000s\000t\000a\000r\000A\000l\000o\000j\000a\000m\000e\000n\000t\000o\000s\000\050\000\051}{subsection.6.25.2}% 218
\BOOKMARK [3][-]{subsubsection.6.25.2.3}{\376\377\0006\000.\0002\0005\000.\0002\000.\0003\000\040\000L\000i\000s\000t\000a\000r\000A\000l\000o\000j\000a\000m\000e\000n\000t\000o\000s\000D\000i\000s\000p\000o\000n\000i\000v\000e\000i\000s\000\050\000\051}{subsection.6.25.2}% 219
\BOOKMARK [3][-]{subsubsection.6.25.2.4}{\376\377\0006\000.\0002\0005\000.\0002\000.\0004\000\040\000L\000i\000s\000t\000a\000r\000A\000l\000o\000j\000a\000m\000e\000n\000t\000o\000s\000O\000r\000d\000e\000n\000a\000d\000o\000s\000P\000o\000r\000P\000r\000e\000c\000o\000\050\000\051}{subsection.6.25.2}% 220
\BOOKMARK [3][-]{subsubsection.6.25.2.5}{\376\377\0006\000.\0002\0005\000.\0002\000.\0005\000\040\000L\000i\000s\000t\000a\000r\000A\000l\000o\000j\000a\000m\000e\000n\000t\000o\000s\000P\000o\000r\000L\000o\000c\000\050\000\051}{subsection.6.25.2}% 221
\BOOKMARK [3][-]{subsubsection.6.25.2.6}{\376\377\0006\000.\0002\0005\000.\0002\000.\0006\000\040\000L\000i\000s\000t\000a\000r\000A\000l\000o\000j\000a\000m\000e\000n\000t\000o\000s\000P\000o\000r\000T\000i\000p\000o\000\050\000\051}{subsection.6.25.2}% 222
\BOOKMARK [3][-]{subsubsection.6.25.2.7}{\376\377\0006\000.\0002\0005\000.\0002\000.\0007\000\040\000P\000r\000o\000c\000u\000r\000a\000r\000A\000l\000o\000j\000a\000m\000e\000n\000t\000o\000P\000o\000r\000N\000o\000m\000e\000\050\000\051}{subsection.6.25.2}% 223
\BOOKMARK [3][-]{subsubsection.6.25.2.8}{\376\377\0006\000.\0002\0005\000.\0002\000.\0008\000\040\000R\000e\000m\000o\000v\000e\000r\000A\000l\000o\000j\000a\000m\000e\000n\000t\000o\000\050\000\051}{subsection.6.25.2}% 224
\BOOKMARK [3][-]{subsubsection.6.25.2.9}{\376\377\0006\000.\0002\0005\000.\0002\000.\0009\000\040\000V\000e\000r\000i\000f\000i\000c\000a\000r\000A\000l\000o\000j\000a\000m\000e\000n\000t\000o\000D\000u\000p\000l\000i\000c\000a\000d\000o\000\050\000\051}{subsection.6.25.2}% 225
\BOOKMARK [1][-]{section.6.26}{\376\377\0006\000.\0002\0006\000\040\000R\000e\000g\000r\000a\000s\000.\000S\000e\000r\000v\000i\000c\000o\000C\000l\000i\000e\000n\000t\000e\000s\000\040\000C\000l\000a\000s\000s\000\040\000R\000e\000f\000e\000r\000e\000n\000c\000e}{chapter.6}% 226
\BOOKMARK [2][-]{subsection.6.26.1}{\376\377\0006\000.\0002\0006\000.\0001\000\040\000D\000e\000t\000a\000i\000l\000e\000d\000\040\000D\000e\000s\000c\000r\000i\000p\000t\000i\000o\000n}{section.6.26}% 227
\BOOKMARK [2][-]{subsection.6.26.2}{\376\377\0006\000.\0002\0006\000.\0002\000\040\000M\000e\000m\000b\000e\000r\000\040\000F\000u\000n\000c\000t\000i\000o\000n\000\040\000D\000o\000c\000u\000m\000e\000n\000t\000a\000t\000i\000o\000n}{section.6.26}% 228
\BOOKMARK [3][-]{subsubsection.6.26.2.1}{\376\377\0006\000.\0002\0006\000.\0002\000.\0001\000\040\000I\000n\000s\000e\000r\000i\000r\000C\000l\000i\000e\000n\000t\000e\000\050\000\051}{subsection.6.26.2}% 229
\BOOKMARK [3][-]{subsubsection.6.26.2.2}{\376\377\0006\000.\0002\0006\000.\0002\000.\0002\000\040\000L\000i\000s\000t\000a\000r\000C\000l\000i\000e\000n\000t\000e\000s\000\050\000\051}{subsection.6.26.2}% 230
\BOOKMARK [3][-]{subsubsection.6.26.2.3}{\376\377\0006\000.\0002\0006\000.\0002\000.\0003\000\040\000P\000r\000o\000c\000u\000r\000a\000r\000C\000l\000i\000e\000n\000t\000e\000P\000o\000r\000N\000i\000f\000\050\000\051}{subsection.6.26.2}% 231
\BOOKMARK [3][-]{subsubsection.6.26.2.4}{\376\377\0006\000.\0002\0006\000.\0002\000.\0004\000\040\000R\000e\000m\000o\000v\000e\000r\000C\000l\000i\000e\000n\000t\000e\000\050\000\051}{subsection.6.26.2}% 232
\BOOKMARK [3][-]{subsubsection.6.26.2.5}{\376\377\0006\000.\0002\0006\000.\0002\000.\0005\000\040\000V\000e\000r\000i\000f\000i\000c\000a\000r\000C\000l\000i\000e\000n\000t\000e\000D\000u\000p\000l\000i\000c\000a\000d\000o\000\050\000\051}{subsection.6.26.2}% 233
\BOOKMARK [1][-]{section.6.27}{\376\377\0006\000.\0002\0007\000\040\000R\000e\000g\000r\000a\000s\000.\000S\000e\000r\000v\000i\000c\000o\000F\000i\000c\000h\000e\000i\000r\000o\000s\000\040\000C\000l\000a\000s\000s\000\040\000R\000e\000f\000e\000r\000e\000n\000c\000e}{chapter.6}% 234
\BOOKMARK [2][-]{subsection.6.27.1}{\376\377\0006\000.\0002\0007\000.\0001\000\040\000D\000e\000t\000a\000i\000l\000e\000d\000\040\000D\000e\000s\000c\000r\000i\000p\000t\000i\000o\000n}{section.6.27}% 235
\BOOKMARK [2][-]{subsection.6.27.2}{\376\377\0006\000.\0002\0007\000.\0002\000\040\000M\000e\000m\000b\000e\000r\000\040\000F\000u\000n\000c\000t\000i\000o\000n\000\040\000D\000o\000c\000u\000m\000e\000n\000t\000a\000t\000i\000o\000n}{section.6.27}% 236
\BOOKMARK [3][-]{subsubsection.6.27.2.1}{\376\377\0006\000.\0002\0007\000.\0002\000.\0001\000\040\000C\000a\000r\000r\000e\000g\000a\000r\000D\000a\000d\000o\000s\000\050\000\051}{subsection.6.27.2}% 237
\BOOKMARK [3][-]{subsubsection.6.27.2.2}{\376\377\0006\000.\0002\0007\000.\0002\000.\0002\000\040\000G\000u\000a\000r\000d\000a\000r\000D\000a\000d\000o\000s\000\050\000\051}{subsection.6.27.2}% 238
\BOOKMARK [1][-]{section.6.28}{\376\377\0006\000.\0002\0008\000\040\000R\000e\000g\000r\000a\000s\000.\000S\000e\000r\000v\000i\000c\000o\000R\000e\000s\000e\000r\000v\000a\000s\000\040\000C\000l\000a\000s\000s\000\040\000R\000e\000f\000e\000r\000e\000n\000c\000e}{chapter.6}% 239
\BOOKMARK [2][-]{subsection.6.28.1}{\376\377\0006\000.\0002\0008\000.\0001\000\040\000D\000e\000t\000a\000i\000l\000e\000d\000\040\000D\000e\000s\000c\000r\000i\000p\000t\000i\000o\000n}{section.6.28}% 240
\BOOKMARK [2][-]{subsection.6.28.2}{\376\377\0006\000.\0002\0008\000.\0002\000\040\000M\000e\000m\000b\000e\000r\000\040\000F\000u\000n\000c\000t\000i\000o\000n\000\040\000D\000o\000c\000u\000m\000e\000n\000t\000a\000t\000i\000o\000n}{section.6.28}% 241
\BOOKMARK [3][-]{subsubsection.6.28.2.1}{\376\377\0006\000.\0002\0008\000.\0002\000.\0001\000\040\000C\000a\000n\000c\000e\000l\000a\000r\000R\000e\000s\000e\000r\000v\000a\000\050\000\051}{subsection.6.28.2}% 242
\BOOKMARK [3][-]{subsubsection.6.28.2.2}{\376\377\0006\000.\0002\0008\000.\0002\000.\0002\000\040\000C\000r\000i\000a\000r\000R\000e\000s\000e\000r\000v\000a\000\050\000\051}{subsection.6.28.2}% 243
\BOOKMARK [3][-]{subsubsection.6.28.2.3}{\376\377\0006\000.\0002\0008\000.\0002\000.\0003\000\040\000L\000i\000s\000t\000a\000r\000R\000e\000s\000e\000r\000v\000a\000s\000\050\000\051}{subsection.6.28.2}% 244
\BOOKMARK [3][-]{subsubsection.6.28.2.4}{\376\377\0006\000.\0002\0008\000.\0002\000.\0004\000\040\000P\000r\000o\000c\000u\000r\000a\000r\000R\000e\000s\000e\000r\000v\000a\000s\000P\000o\000r\000A\000l\000o\000j\000a\000m\000e\000n\000t\000o\000\050\000\051}{subsection.6.28.2}% 245
\BOOKMARK [3][-]{subsubsection.6.28.2.5}{\376\377\0006\000.\0002\0008\000.\0002\000.\0005\000\040\000P\000r\000o\000c\000u\000r\000a\000r\000R\000e\000s\000e\000r\000v\000a\000s\000P\000o\000r\000C\000l\000i\000e\000n\000t\000e\000\050\000\051}{subsection.6.28.2}% 246
\BOOKMARK [3][-]{subsubsection.6.28.2.6}{\376\377\0006\000.\0002\0008\000.\0002\000.\0006\000\040\000V\000e\000r\000i\000f\000i\000c\000a\000r\000D\000i\000s\000p\000o\000n\000i\000b\000l\000i\000d\000a\000d\000e\000\050\000\051}{subsection.6.28.2}% 247
\BOOKMARK [1][-]{section.6.29}{\376\377\0006\000.\0002\0009\000\040\000T\000e\000s\000t\000e\000s\000.\000T\000e\000s\000t\000e\000C\000l\000i\000e\000n\000t\000e\000s\000\040\000C\000l\000a\000s\000s\000\040\000R\000e\000f\000e\000r\000e\000n\000c\000e}{chapter.6}% 248
\BOOKMARK [2][-]{subsection.6.29.1}{\376\377\0006\000.\0002\0009\000.\0001\000\040\000D\000e\000t\000a\000i\000l\000e\000d\000\040\000D\000e\000s\000c\000r\000i\000p\000t\000i\000o\000n}{section.6.29}% 249
\BOOKMARK [2][-]{subsection.6.29.2}{\376\377\0006\000.\0002\0009\000.\0002\000\040\000M\000e\000m\000b\000e\000r\000\040\000F\000u\000n\000c\000t\000i\000o\000n\000\040\000D\000o\000c\000u\000m\000e\000n\000t\000a\000t\000i\000o\000n}{section.6.29}% 250
\BOOKMARK [3][-]{subsubsection.6.29.2.1}{\376\377\0006\000.\0002\0009\000.\0002\000.\0001\000\040\000E\000x\000c\000e\000p\000t\000i\000o\000n\000C\000l\000i\000e\000n\000t\000e\000N\000u\000l\000l\000\050\000\051}{subsection.6.29.2}% 251
\BOOKMARK [3][-]{subsubsection.6.29.2.2}{\376\377\0006\000.\0002\0009\000.\0002\000.\0002\000\040\000E\000x\000c\000e\000p\000t\000i\000o\000n\000N\000i\000f\000D\000u\000p\000l\000i\000c\000a\000d\000o\000\050\000\051}{subsection.6.29.2}% 252
\BOOKMARK [3][-]{subsubsection.6.29.2.3}{\376\377\0006\000.\0002\0009\000.\0002\000.\0003\000\040\000V\000a\000l\000i\000d\000a\000I\000n\000s\000e\000r\000i\000r\000C\000l\000i\000e\000n\000t\000e\000\050\000\051}{subsection.6.29.2}% 253
\BOOKMARK [0][-]{chapter.7}{\376\377\0007\000\040\000F\000i\000l\000e\000\040\000D\000o\000c\000u\000m\000e\000n\000t\000a\000t\000i\000o\000n}{}% 254
\BOOKMARK [1][-]{section.7.1}{\376\377\0007\000.\0001\000\040\000B\000O\000/\000A\000l\000o\000j\000a\000m\000e\000n\000t\000o\000.\000c\000s\000\040\000F\000i\000l\000e\000\040\000R\000e\000f\000e\000r\000e\000n\000c\000e}{chapter.7}% 255
\BOOKMARK [1][-]{section.7.2}{\376\377\0007\000.\0002\000\040\000B\000O\000/\000A\000p\000a\000r\000t\000a\000m\000e\000n\000t\000o\000.\000c\000s\000\040\000F\000i\000l\000e\000\040\000R\000e\000f\000e\000r\000e\000n\000c\000e}{chapter.7}% 256
\BOOKMARK [1][-]{section.7.3}{\376\377\0007\000.\0003\000\040\000B\000O\000/\000C\000a\000s\000a\000.\000c\000s\000\040\000F\000i\000l\000e\000\040\000R\000e\000f\000e\000r\000e\000n\000c\000e}{chapter.7}% 257
\BOOKMARK [1][-]{section.7.4}{\376\377\0007\000.\0004\000\040\000B\000O\000/\000C\000l\000i\000e\000n\000t\000e\000.\000c\000s\000\040\000F\000i\000l\000e\000\040\000R\000e\000f\000e\000r\000e\000n\000c\000e}{chapter.7}% 258
\BOOKMARK [1][-]{section.7.5}{\376\377\0007\000.\0005\000\040\000B\000O\000/\000H\000o\000t\000e\000l\000.\000c\000s\000\040\000F\000i\000l\000e\000\040\000R\000e\000f\000e\000r\000e\000n\000c\000e}{chapter.7}% 259
\BOOKMARK [1][-]{section.7.6}{\376\377\0007\000.\0006\000\040\000B\000O\000/\000I\000R\000e\000s\000e\000r\000v\000a\000v\000e\000l\000.\000c\000s\000\040\000F\000i\000l\000e\000\040\000R\000e\000f\000e\000r\000e\000n\000c\000e}{chapter.7}% 260
\BOOKMARK [1][-]{section.7.7}{\376\377\0007\000.\0007\000\040\000B\000O\000/\000o\000b\000j\000/\000D\000e\000b\000u\000g\000/\000.\000N\000E\000T\000F\000r\000a\000m\000e\000w\000o\000r\000k\000,\000V\000e\000r\000s\000i\000o\000n\000=\000v\0004\000.\0007\000.\0002\000.\000A\000s\000s\000e\000m\000b\000l\000y\000A\000t\000t\000r\000i\000b\000u\000t\000e\000s\000.\000c\000s\000\040\000F\000i\000l\000e\000\040\000R\000e\000f\000e\000r\000e\000n\000c\000e}{chapter.7}% 261
\BOOKMARK [1][-]{section.7.8}{\376\377\0007\000.\0008\000\040\000D\000a\000d\000o\000s\000/\000o\000b\000j\000/\000D\000e\000b\000u\000g\000/\000.\000N\000E\000T\000F\000r\000a\000m\000e\000w\000o\000r\000k\000,\000V\000e\000r\000s\000i\000o\000n\000=\000v\0004\000.\0007\000.\0002\000.\000A\000s\000s\000e\000m\000b\000l\000y\000A\000t\000t\000r\000i\000b\000u\000t\000e\000s\000.\000c\000s\000\040\000F\000i\000l\000e\000\040\000R\000e\000f\000e\000r\000e\000n\000c\000e}{chapter.7}% 262
\BOOKMARK [1][-]{section.7.9}{\376\377\0007\000.\0009\000\040\000E\000x\000c\000e\000p\000t\000i\000o\000n\000s\000/\000o\000b\000j\000/\000D\000e\000b\000u\000g\000/\000.\000N\000E\000T\000F\000r\000a\000m\000e\000w\000o\000r\000k\000,\000V\000e\000r\000s\000i\000o\000n\000=\000v\0004\000.\0007\000.\0002\000.\000A\000s\000s\000e\000m\000b\000l\000y\000A\000t\000t\000r\000i\000b\000u\000t\000e\000s\000.\000c\000s\000\040\000F\000i\000l\000e\000\040\000R\000e\000f\000e\000r\000e\000n\000c\000e}{chapter.7}% 263
\BOOKMARK [1][-]{section.7.10}{\376\377\0007\000.\0001\0000\000\040\000G\000e\000r\000e\000A\000l\000o\000j\000a\000m\000e\000n\000t\000o\000T\000u\000r\000i\000s\000t\000i\000c\000o\000/\000o\000b\000j\000/\000D\000e\000b\000u\000g\000/\000.\000N\000E\000T\000F\000r\000a\000m\000e\000w\000o\000r\000k\000,\000V\000e\000r\000s\000i\000o\000n\000=\000v\0004\000.\0007\000.\0002\000.\000A\000s\000s\000e\000m\000b\000l\000y\000A\000t\000t\000r\000i\000b\000u\000t\000e\000s\000.\000c\000s\000\040\000F\000i\000l\000e\000\040\000R\000e\000f\000e\000r\000e\000n\000c\000e}{chapter.7}% 264
\BOOKMARK [1][-]{section.7.11}{\376\377\0007\000.\0001\0001\000\040\000R\000e\000g\000r\000a\000s\000/\000o\000b\000j\000/\000D\000e\000b\000u\000g\000/\000.\000N\000E\000T\000F\000r\000a\000m\000e\000w\000o\000r\000k\000,\000V\000e\000r\000s\000i\000o\000n\000=\000v\0004\000.\0007\000.\0002\000.\000A\000s\000s\000e\000m\000b\000l\000y\000A\000t\000t\000r\000i\000b\000u\000t\000e\000s\000.\000c\000s\000\040\000F\000i\000l\000e\000\040\000R\000e\000f\000e\000r\000e\000n\000c\000e}{chapter.7}% 265
\BOOKMARK [1][-]{section.7.12}{\376\377\0007\000.\0001\0002\000\040\000B\000O\000/\000O\000r\000d\000e\000n\000a\000r\000A\000l\000o\000j\000a\000m\000e\000n\000t\000o\000s\000P\000o\000r\000L\000o\000c\000.\000c\000s\000\040\000F\000i\000l\000e\000\040\000R\000e\000f\000e\000r\000e\000n\000c\000e}{chapter.7}% 266
\BOOKMARK [1][-]{section.7.13}{\376\377\0007\000.\0001\0003\000\040\000B\000O\000/\000O\000r\000d\000e\000n\000a\000r\000A\000l\000o\000j\000a\000m\000e\000n\000t\000o\000s\000P\000o\000r\000P\000r\000e\000c\000o\000.\000c\000s\000\040\000F\000i\000l\000e\000\040\000R\000e\000f\000e\000r\000e\000n\000c\000e}{chapter.7}% 267
\BOOKMARK [1][-]{section.7.14}{\376\377\0007\000.\0001\0004\000\040\000B\000O\000/\000O\000r\000d\000e\000n\000a\000r\000R\000e\000s\000e\000r\000v\000a\000s\000P\000o\000r\000D\000a\000t\000a\000.\000c\000s\000\040\000F\000i\000l\000e\000\040\000R\000e\000f\000e\000r\000e\000n\000c\000e}{chapter.7}% 268
\BOOKMARK [1][-]{section.7.15}{\376\377\0007\000.\0001\0005\000\040\000B\000O\000/\000P\000r\000o\000p\000e\000r\000t\000i\000e\000s\000/\000A\000s\000s\000e\000m\000b\000l\000y\000I\000n\000f\000o\000.\000c\000s\000\040\000F\000i\000l\000e\000\040\000R\000e\000f\000e\000r\000e\000n\000c\000e}{chapter.7}% 269
\BOOKMARK [1][-]{section.7.16}{\376\377\0007\000.\0001\0006\000\040\000D\000a\000d\000o\000s\000/\000P\000r\000o\000p\000e\000r\000t\000i\000e\000s\000/\000A\000s\000s\000e\000m\000b\000l\000y\000I\000n\000f\000o\000.\000c\000s\000\040\000F\000i\000l\000e\000\040\000R\000e\000f\000e\000r\000e\000n\000c\000e}{chapter.7}% 270
\BOOKMARK [1][-]{section.7.17}{\376\377\0007\000.\0001\0007\000\040\000E\000x\000c\000e\000p\000t\000i\000o\000n\000s\000/\000P\000r\000o\000p\000e\000r\000t\000i\000e\000s\000/\000A\000s\000s\000e\000m\000b\000l\000y\000I\000n\000f\000o\000.\000c\000s\000\040\000F\000i\000l\000e\000\040\000R\000e\000f\000e\000r\000e\000n\000c\000e}{chapter.7}% 271
\BOOKMARK [1][-]{section.7.18}{\376\377\0007\000.\0001\0008\000\040\000G\000e\000r\000e\000A\000l\000o\000j\000a\000m\000e\000n\000t\000o\000T\000u\000r\000i\000s\000t\000i\000c\000o\000/\000P\000r\000o\000p\000e\000r\000t\000i\000e\000s\000/\000A\000s\000s\000e\000m\000b\000l\000y\000I\000n\000f\000o\000.\000c\000s\000\040\000F\000i\000l\000e\000\040\000R\000e\000f\000e\000r\000e\000n\000c\000e}{chapter.7}% 272
\BOOKMARK [1][-]{section.7.19}{\376\377\0007\000.\0001\0009\000\040\000R\000e\000g\000r\000a\000s\000/\000P\000r\000o\000p\000e\000r\000t\000i\000e\000s\000/\000A\000s\000s\000e\000m\000b\000l\000y\000I\000n\000f\000o\000.\000c\000s\000\040\000F\000i\000l\000e\000\040\000R\000e\000f\000e\000r\000e\000n\000c\000e}{chapter.7}% 273
\BOOKMARK [1][-]{section.7.20}{\376\377\0007\000.\0002\0000\000\040\000B\000O\000/\000R\000e\000s\000e\000r\000v\000a\000.\000c\000s\000\040\000F\000i\000l\000e\000\040\000R\000e\000f\000e\000r\000e\000n\000c\000e}{chapter.7}% 274
\BOOKMARK [1][-]{section.7.21}{\376\377\0007\000.\0002\0001\000\040\000D\000a\000d\000o\000s\000/\000A\000l\000o\000j\000a\000m\000e\000n\000t\000o\000s\000.\000c\000s\000\040\000F\000i\000l\000e\000\040\000R\000e\000f\000e\000r\000e\000n\000c\000e}{chapter.7}% 275
\BOOKMARK [1][-]{section.7.22}{\376\377\0007\000.\0002\0002\000\040\000D\000a\000d\000o\000s\000/\000C\000l\000i\000e\000n\000t\000e\000s\000.\000c\000s\000\040\000F\000i\000l\000e\000\040\000R\000e\000f\000e\000r\000e\000n\000c\000e}{chapter.7}% 276
\BOOKMARK [1][-]{section.7.23}{\376\377\0007\000.\0002\0003\000\040\000D\000a\000d\000o\000s\000/\000F\000i\000c\000h\000e\000i\000r\000o\000s\000.\000c\000s\000\040\000F\000i\000l\000e\000\040\000R\000e\000f\000e\000r\000e\000n\000c\000e}{chapter.7}% 277
\BOOKMARK [1][-]{section.7.24}{\376\377\0007\000.\0002\0004\000\040\000D\000a\000d\000o\000s\000/\000R\000e\000s\000e\000r\000v\000a\000s\000.\000c\000s\000\040\000F\000i\000l\000e\000\040\000R\000e\000f\000e\000r\000e\000n\000c\000e}{chapter.7}% 278
\BOOKMARK [1][-]{section.7.25}{\376\377\0007\000.\0002\0005\000\040\000E\000x\000c\000e\000p\000t\000i\000o\000n\000s\000/\000A\000l\000o\000j\000a\000m\000e\000n\000t\000o\000D\000u\000p\000l\000i\000c\000a\000d\000o\000E\000x\000c\000e\000p\000t\000i\000o\000n\000.\000c\000s\000\040\000F\000i\000l\000e\000\040\000R\000e\000f\000e\000r\000e\000n\000c\000e}{chapter.7}% 279
\BOOKMARK [1][-]{section.7.26}{\376\377\0007\000.\0002\0006\000\040\000E\000x\000c\000e\000p\000t\000i\000o\000n\000s\000/\000A\000l\000o\000j\000a\000m\000e\000n\000t\000o\000I\000n\000d\000e\000s\000p\000o\000n\000i\000v\000e\000l\000E\000x\000c\000e\000p\000t\000i\000o\000n\000s\000.\000c\000s\000\040\000F\000i\000l\000e\000\040\000R\000e\000f\000e\000r\000e\000n\000c\000e}{chapter.7}% 280
\BOOKMARK [1][-]{section.7.27}{\376\377\0007\000.\0002\0007\000\040\000E\000x\000c\000e\000p\000t\000i\000o\000n\000s\000/\000A\000l\000o\000j\000a\000m\000e\000n\000t\000o\000I\000n\000v\000a\000l\000i\000d\000o\000E\000x\000c\000e\000p\000t\000i\000o\000n\000.\000c\000s\000\040\000F\000i\000l\000e\000\040\000R\000e\000f\000e\000r\000e\000n\000c\000e}{chapter.7}% 281
\BOOKMARK [1][-]{section.7.28}{\376\377\0007\000.\0002\0008\000\040\000E\000x\000c\000e\000p\000t\000i\000o\000n\000s\000/\000C\000a\000r\000r\000e\000g\000a\000r\000D\000a\000d\000o\000s\000E\000x\000c\000e\000p\000t\000i\000o\000n\000.\000c\000s\000\040\000F\000i\000l\000e\000\040\000R\000e\000f\000e\000r\000e\000n\000c\000e}{chapter.7}% 282
\BOOKMARK [1][-]{section.7.29}{\376\377\0007\000.\0002\0009\000\040\000E\000x\000c\000e\000p\000t\000i\000o\000n\000s\000/\000C\000l\000i\000e\000n\000t\000e\000D\000u\000p\000l\000i\000c\000a\000d\000o\000E\000x\000c\000e\000p\000t\000i\000o\000n\000.\000c\000s\000\040\000F\000i\000l\000e\000\040\000R\000e\000f\000e\000r\000e\000n\000c\000e}{chapter.7}% 283
\BOOKMARK [1][-]{section.7.30}{\376\377\0007\000.\0003\0000\000\040\000E\000x\000c\000e\000p\000t\000i\000o\000n\000s\000/\000C\000l\000i\000e\000n\000t\000e\000I\000n\000v\000a\000l\000i\000d\000o\000E\000x\000c\000e\000p\000t\000i\000o\000n\000.\000c\000s\000\040\000F\000i\000l\000e\000\040\000R\000e\000f\000e\000r\000e\000n\000c\000e}{chapter.7}% 284
\BOOKMARK [1][-]{section.7.31}{\376\377\0007\000.\0003\0001\000\040\000E\000x\000c\000e\000p\000t\000i\000o\000n\000s\000/\000D\000a\000t\000a\000s\000I\000n\000v\000a\000l\000i\000d\000a\000s\000E\000x\000c\000e\000p\000t\000i\000o\000n\000.\000c\000s\000\040\000F\000i\000l\000e\000\040\000R\000e\000f\000e\000r\000e\000n\000c\000e}{chapter.7}% 285
\BOOKMARK [1][-]{section.7.32}{\376\377\0007\000.\0003\0002\000\040\000E\000x\000c\000e\000p\000t\000i\000o\000n\000s\000/\000G\000u\000a\000r\000d\000a\000r\000D\000a\000d\000o\000s\000E\000x\000c\000e\000p\000t\000i\000o\000n\000.\000c\000s\000\040\000F\000i\000l\000e\000\040\000R\000e\000f\000e\000r\000e\000n\000c\000e}{chapter.7}% 286
\BOOKMARK [1][-]{section.7.33}{\376\377\0007\000.\0003\0003\000\040\000E\000x\000c\000e\000p\000t\000i\000o\000n\000s\000/\000R\000e\000s\000e\000r\000v\000a\000I\000n\000v\000a\000l\000i\000d\000a\000E\000x\000c\000e\000p\000t\000i\000o\000n\000.\000c\000s\000\040\000F\000i\000l\000e\000\040\000R\000e\000f\000e\000r\000e\000n\000c\000e}{chapter.7}% 287
\BOOKMARK [1][-]{section.7.34}{\376\377\0007\000.\0003\0004\000\040\000G\000e\000r\000e\000A\000l\000o\000j\000a\000m\000e\000n\000t\000o\000T\000u\000r\000i\000s\000t\000i\000c\000o\000/\000P\000r\000o\000g\000r\000a\000m\000.\000c\000s\000\040\000F\000i\000l\000e\000\040\000R\000e\000f\000e\000r\000e\000n\000c\000e}{chapter.7}% 288
\BOOKMARK [1][-]{section.7.35}{\376\377\0007\000.\0003\0005\000\040\000R\000e\000g\000r\000a\000s\000/\000S\000e\000r\000v\000i\000c\000o\000A\000l\000o\000j\000a\000m\000e\000n\000t\000o\000s\000.\000c\000s\000\040\000F\000i\000l\000e\000\040\000R\000e\000f\000e\000r\000e\000n\000c\000e}{chapter.7}% 289
\BOOKMARK [1][-]{section.7.36}{\376\377\0007\000.\0003\0006\000\040\000R\000e\000g\000r\000a\000s\000/\000S\000e\000r\000v\000i\000c\000o\000C\000l\000i\000e\000n\000t\000e\000s\000.\000c\000s\000\040\000F\000i\000l\000e\000\040\000R\000e\000f\000e\000r\000e\000n\000c\000e}{chapter.7}% 290
\BOOKMARK [1][-]{section.7.37}{\376\377\0007\000.\0003\0007\000\040\000R\000e\000g\000r\000a\000s\000/\000S\000e\000r\000v\000i\000c\000o\000F\000i\000c\000h\000e\000i\000r\000o\000s\000.\000c\000s\000\040\000F\000i\000l\000e\000\040\000R\000e\000f\000e\000r\000e\000n\000c\000e}{chapter.7}% 291
\BOOKMARK [1][-]{section.7.38}{\376\377\0007\000.\0003\0008\000\040\000R\000e\000g\000r\000a\000s\000/\000S\000e\000r\000v\000i\000c\000o\000R\000e\000s\000e\000r\000v\000a\000s\000.\000c\000s\000\040\000F\000i\000l\000e\000\040\000R\000e\000f\000e\000r\000e\000n\000c\000e}{chapter.7}% 292
\BOOKMARK [1][-]{section.7.39}{\376\377\0007\000.\0003\0009\000\040\000T\000e\000s\000t\000e\000s\000/\000M\000S\000T\000e\000s\000t\000S\000e\000t\000t\000i\000n\000g\000s\000.\000c\000s\000\040\000F\000i\000l\000e\000\040\000R\000e\000f\000e\000r\000e\000n\000c\000e}{chapter.7}% 293
\BOOKMARK [1][-]{section.7.40}{\376\377\0007\000.\0004\0000\000\040\000T\000e\000s\000t\000e\000s\000/\000o\000b\000j\000/\000D\000e\000b\000u\000g\000/\000n\000e\000t\0008\000.\0000\000/\000.\000N\000E\000T\000C\000o\000r\000e\000A\000p\000p\000,\000V\000e\000r\000s\000i\000o\000n\000=\000v\0008\000.\0000\000.\000A\000s\000s\000e\000m\000b\000l\000y\000A\000t\000t\000r\000i\000b\000u\000t\000e\000s\000.\000c\000s\000\040\000F\000i\000l\000e\000\040\000R\000e\000f\000e\000r\000e\000n\000c\000e}{chapter.7}% 294
\BOOKMARK [1][-]{section.7.41}{\376\377\0007\000.\0004\0001\000\040\000T\000e\000s\000t\000e\000s\000/\000o\000b\000j\000/\000D\000e\000b\000u\000g\000/\000n\000e\000t\0008\000.\0000\000/\000T\000e\000s\000t\000e\000s\000.\000A\000s\000s\000e\000m\000b\000l\000y\000I\000n\000f\000o\000.\000c\000s\000\040\000F\000i\000l\000e\000\040\000R\000e\000f\000e\000r\000e\000n\000c\000e}{chapter.7}% 295
\BOOKMARK [1][-]{section.7.42}{\376\377\0007\000.\0004\0002\000\040\000T\000e\000s\000t\000e\000s\000/\000o\000b\000j\000/\000D\000e\000b\000u\000g\000/\000n\000e\000t\0008\000.\0000\000/\000T\000e\000s\000t\000e\000s\000.\000G\000l\000o\000b\000a\000l\000U\000s\000i\000n\000g\000s\000.\000g\000.\000c\000s\000\040\000F\000i\000l\000e\000\040\000R\000e\000f\000e\000r\000e\000n\000c\000e}{chapter.7}% 296
\BOOKMARK [1][-]{section.7.43}{\376\377\0007\000.\0004\0003\000\040\000T\000e\000s\000t\000e\000s\000/\000T\000e\000s\000t\000e\000C\000l\000i\000e\000n\000t\000e\000s\000.\000c\000s\000\040\000F\000i\000l\000e\000\040\000R\000e\000f\000e\000r\000e\000n\000c\000e}{chapter.7}% 297
\BOOKMARK [0][-]{section*.139}{\376\377\000I\000n\000d\000e\000x}{}% 298
